{"meta": {"format": 3, "version": "7.13.1", "timestamp": "2026-01-09T18:06:28.491805", "branch_coverage": false, "show_contexts": false}, "files": {"app/__init__.py": {"executed_lines": [], "summary": {"covered_lines": 0, "num_statements": 0, "percent_covered": 100.0, "percent_covered_display": "100", "missing_lines": 0, "excluded_lines": 0, "percent_statements_covered": 100.0, "percent_statements_covered_display": "100"}, "missing_lines": [], "excluded_lines": [], "functions": {"": {"executed_lines": [], "summary": {"covered_lines": 0, "num_statements": 0, "percent_covered": 100.0, "percent_covered_display": "100", "missing_lines": 0, "excluded_lines": 0, "percent_statements_covered": 100.0, "percent_statements_covered_display": "100"}, "missing_lines": [], "excluded_lines": [], "start_line": 1}}, "classes": {"": {"executed_lines": [], "summary": {"covered_lines": 0, "num_statements": 0, "percent_covered": 100.0, "percent_covered_display": "100", "missing_lines": 0, "excluded_lines": 0, "percent_statements_covered": 100.0, "percent_statements_covered_display": "100"}, "missing_lines": [], "excluded_lines": [], "start_line": 1}}}, "app/api/__init__.py": {"executed_lines": [], "summary": {"covered_lines": 0, "num_statements": 0, "percent_covered": 100.0, "percent_covered_display": "100", "missing_lines": 0, "excluded_lines": 0, "percent_statements_covered": 100.0, "percent_statements_covered_display": "100"}, "missing_lines": [], "excluded_lines": [], "functions": {"": {"executed_lines": [], "summary": {"covered_lines": 0, "num_statements": 0, "percent_covered": 100.0, "percent_covered_display": "100", "missing_lines": 0, "excluded_lines": 0, "percent_statements_covered": 100.0, "percent_statements_covered_display": "100"}, "missing_lines": [], "excluded_lines": [], "start_line": 1}}, "classes": {"": {"executed_lines": [], "summary": {"covered_lines": 0, "num_statements": 0, "percent_covered": 100.0, "percent_covered_display": "100", "missing_lines": 0, "excluded_lines": 0, "percent_statements_covered": 100.0, "percent_statements_covered_display": "100"}, "missing_lines": [], "excluded_lines": [], "start_line": 1}}}, "app/api/agents.py": {"executed_lines": [2, 3, 4, 6, 7, 8, 10, 12, 15, 16, 17, 30, 31, 33, 38, 39, 55, 56, 58, 59, 68, 69, 84, 86], "summary": {"covered_lines": 24, "num_statements": 29, "percent_covered": 82.75862068965517, "percent_covered_display": "83", "missing_lines": 5, "excluded_lines": 0, "percent_statements_covered": 82.75862068965517, "percent_statements_covered_display": "83"}, "missing_lines": [35, 60, 61, 62, 91], "excluded_lines": [], "functions": {"list_agents": {"executed_lines": [30, 31, 33], "summary": {"covered_lines": 3, "num_statements": 4, "percent_covered": 75.0, "percent_covered_display": "75", "missing_lines": 1, "excluded_lines": 0, "percent_statements_covered": 75.0, "percent_statements_covered_display": "75"}, "missing_lines": [35], "excluded_lines": [], "start_line": 17}, "get_agent_config": {"executed_lines": [55, 56, 58, 59], "summary": {"covered_lines": 4, "num_statements": 7, "percent_covered": 57.142857142857146, "percent_covered_display": "57", "missing_lines": 3, "excluded_lines": 0, "percent_statements_covered": 57.142857142857146, "percent_statements_covered_display": "57"}, "missing_lines": [60, 61, 62], "excluded_lines": [], "start_line": 39}, "get_agent_tools": {"executed_lines": [84, 86], "summary": {"covered_lines": 2, "num_statements": 3, "percent_covered": 66.66666666666667, "percent_covered_display": "67", "missing_lines": 1, "excluded_lines": 0, "percent_statements_covered": 66.66666666666667, "percent_statements_covered_display": "67"}, "missing_lines": [91], "excluded_lines": [], "start_line": 69}, "": {"executed_lines": [2, 3, 4, 6, 7, 8, 10, 12, 15, 16, 17, 38, 39, 68, 69], "summary": {"covered_lines": 15, "num_statements": 15, "percent_covered": 100.0, "percent_covered_display": "100", "missing_lines": 0, "excluded_lines": 0, "percent_statements_covered": 100.0, "percent_statements_covered_display": "100"}, "missing_lines": [], "excluded_lines": [], "start_line": 1}}, "classes": {"": {"executed_lines": [2, 3, 4, 6, 7, 8, 10, 12, 15, 16, 17, 30, 31, 33, 38, 39, 55, 56, 58, 59, 68, 69, 84, 86], "summary": {"covered_lines": 24, "num_statements": 29, "percent_covered": 82.75862068965517, "percent_covered_display": "83", "missing_lines": 5, "excluded_lines": 0, "percent_statements_covered": 82.75862068965517, "percent_statements_covered_display": "83"}, "missing_lines": [35, 60, 61, 62, 91], "excluded_lines": [], "start_line": 1}}}, "app/api/brainstorms.py": {"executed_lines": [2, 3, 4, 5, 6, 7, 8, 10, 11, 12, 17, 22, 23, 24, 26, 27, 28, 29, 31, 34, 44, 45, 47, 51, 52, 54, 58, 61, 62, 67, 72, 77, 90, 97, 98, 105, 106, 107, 122, 132, 133, 149, 163, 164, 182, 207, 208, 221, 238, 239, 244, 245, 248, 249, 251, 303, 305, 306, 307, 308, 316, 359, 404, 412, 415, 417, 418, 470, 478, 483, 486, 487, 507, 508, 511, 516, 518, 519, 520, 523, 524, 526, 527, 545, 547, 548, 553, 558, 561, 570, 571, 574, 577, 581], "summary": {"covered_lines": 94, "num_statements": 218, "percent_covered": 43.11926605504587, "percent_covered_display": "43", "missing_lines": 124, "excluded_lines": 0, "percent_statements_covered": 43.11926605504587, "percent_statements_covered_display": "43"}, "missing_lines": [48, 55, 64, 99, 101, 102, 128, 129, 152, 154, 155, 160, 185, 187, 188, 194, 195, 196, 197, 198, 200, 201, 203, 204, 224, 226, 227, 232, 233, 235, 254, 256, 257, 261, 262, 264, 265, 269, 270, 273, 274, 277, 278, 279, 281, 282, 284, 285, 286, 287, 289, 290, 291, 295, 297, 304, 312, 313, 325, 337, 338, 339, 340, 343, 356, 369, 382, 383, 384, 385, 388, 401, 421, 422, 423, 426, 427, 428, 429, 430, 431, 432, 433, 434, 435, 437, 440, 441, 442, 450, 451, 452, 455, 456, 459, 460, 461, 463, 465, 466, 488, 490, 491, 492, 493, 494, 495, 496, 499, 500, 501, 502, 503, 504, 528, 531, 533, 534, 536, 538, 543, 583, 584, 585], "excluded_lines": [], "functions": {"extract_json_from_markdown": {"executed_lines": [44, 45, 47, 51, 52, 54, 58], "summary": {"covered_lines": 7, "num_statements": 9, "percent_covered": 77.77777777777777, "percent_covered_display": "78", "missing_lines": 2, "excluded_lines": 0, "percent_statements_covered": 77.77777777777777, "percent_statements_covered_display": "78"}, "missing_lines": [48, 55], "excluded_lines": [], "start_line": 34}, "debug_version": {"executed_lines": [], "summary": {"covered_lines": 0, "num_statements": 1, "percent_covered": 0.0, "percent_covered_display": "0", "missing_lines": 1, "excluded_lines": 0, "percent_statements_covered": 0.0, "percent_statements_covered_display": "0"}, "missing_lines": [64], "excluded_lines": [], "start_line": 62}, "create_brainstorm_session": {"executed_lines": [90, 97, 98], "summary": {"covered_lines": 3, "num_statements": 6, "percent_covered": 50.0, "percent_covered_display": "50", "missing_lines": 3, "excluded_lines": 0, "percent_statements_covered": 50.0, "percent_statements_covered_display": "50"}, "missing_lines": [99, 101, 102], "excluded_lines": [], "start_line": 77}, "list_brainstorm_sessions": {"executed_lines": [122], "summary": {"covered_lines": 1, "num_statements": 3, "percent_covered": 33.333333333333336, "percent_covered_display": "33", "missing_lines": 2, "excluded_lines": 0, "percent_statements_covered": 33.333333333333336, "percent_statements_covered_display": "33"}, "missing_lines": [128, 129], "excluded_lines": [], "start_line": 107}, "get_brainstorm_session": {"executed_lines": [149], "summary": {"covered_lines": 1, "num_statements": 5, "percent_covered": 20.0, "percent_covered_display": "20", "missing_lines": 4, "excluded_lines": 0, "percent_statements_covered": 20.0, "percent_statements_covered_display": "20"}, "missing_lines": [152, 154, 155, 160], "excluded_lines": [], "start_line": 133}, "update_brainstorm_session": {"executed_lines": [182], "summary": {"covered_lines": 1, "num_statements": 13, "percent_covered": 7.6923076923076925, "percent_covered_display": "8", "missing_lines": 12, "excluded_lines": 0, "percent_statements_covered": 7.6923076923076925, "percent_statements_covered_display": "8"}, "missing_lines": [185, 187, 188, 194, 195, 196, 197, 198, 200, 201, 203, 204], "excluded_lines": [], "start_line": 164}, "delete_brainstorm_session": {"executed_lines": [221], "summary": {"covered_lines": 1, "num_statements": 7, "percent_covered": 14.285714285714286, "percent_covered_display": "14", "missing_lines": 6, "excluded_lines": 0, "percent_statements_covered": 14.285714285714286, "percent_statements_covered_display": "14"}, "missing_lines": [224, 226, 227, 232, 233, 235], "excluded_lines": [], "start_line": 208}, "websocket_brainstorm": {"executed_lines": [244, 245, 248, 249, 251, 303, 305, 306, 307, 308], "summary": {"covered_lines": 10, "num_statements": 38, "percent_covered": 26.31578947368421, "percent_covered_display": "26", "missing_lines": 28, "excluded_lines": 0, "percent_statements_covered": 26.31578947368421, "percent_statements_covered_display": "26"}, "missing_lines": [254, 256, 257, 261, 262, 264, 265, 269, 270, 273, 274, 277, 278, 279, 281, 282, 284, 285, 286, 287, 289, 290, 291, 295, 297, 304, 312, 313], "excluded_lines": [], "start_line": 239}, "handle_user_message": {"executed_lines": [], "summary": {"covered_lines": 0, "num_statements": 7, "percent_covered": 0.0, "percent_covered_display": "0", "missing_lines": 7, "excluded_lines": 0, "percent_statements_covered": 0.0, "percent_statements_covered_display": "0"}, "missing_lines": [325, 337, 338, 339, 340, 343, 356], "excluded_lines": [], "start_line": 316}, "handle_interaction": {"executed_lines": [], "summary": {"covered_lines": 0, "num_statements": 7, "percent_covered": 0.0, "percent_covered_display": "0", "missing_lines": 7, "excluded_lines": 0, "percent_statements_covered": 0.0, "percent_statements_covered_display": "0"}, "missing_lines": [369, 382, 383, 384, 385, 388, 401], "excluded_lines": [], "start_line": 359}, "auto_generate_session_metadata": {"executed_lines": [412, 415, 417, 418], "summary": {"covered_lines": 4, "num_statements": 32, "percent_covered": 12.5, "percent_covered_display": "12", "missing_lines": 28, "excluded_lines": 0, "percent_statements_covered": 12.5, "percent_statements_covered_display": "12"}, "missing_lines": [421, 422, 423, 426, 427, 428, 429, 430, 431, 432, 433, 434, 435, 437, 440, 441, 442, 450, 451, 452, 455, 456, 459, 460, 461, 463, 465, 466], "excluded_lines": [], "start_line": 404}, "stream_claude_response": {"executed_lines": [478, 483, 486, 487, 507, 508, 511, 516, 518, 519, 520, 523, 524, 526, 527, 545, 547, 548, 553, 558, 561, 570, 571, 574, 577, 581], "summary": {"covered_lines": 26, "num_statements": 50, "percent_covered": 52.0, "percent_covered_display": "52", "missing_lines": 24, "excluded_lines": 0, "percent_statements_covered": 52.0, "percent_statements_covered_display": "52"}, "missing_lines": [488, 490, 491, 492, 493, 494, 495, 496, 499, 500, 501, 502, 503, 504, 528, 531, 533, 534, 536, 538, 543, 583, 584, 585], "excluded_lines": [], "start_line": 470}, "": {"executed_lines": [2, 3, 4, 5, 6, 7, 8, 10, 11, 12, 17, 22, 23, 24, 26, 27, 28, 29, 31, 34, 61, 62, 67, 72, 77, 105, 106, 107, 132, 133, 163, 164, 207, 208, 238, 239, 316, 359, 404, 470], "summary": {"covered_lines": 40, "num_statements": 40, "percent_covered": 100.0, "percent_covered_display": "100", "missing_lines": 0, "excluded_lines": 0, "percent_statements_covered": 100.0, "percent_statements_covered_display": "100"}, "missing_lines": [], "excluded_lines": [], "start_line": 1}}, "classes": {"": {"executed_lines": [2, 3, 4, 5, 6, 7, 8, 10, 11, 12, 17, 22, 23, 24, 26, 27, 28, 29, 31, 34, 44, 45, 47, 51, 52, 54, 58, 61, 62, 67, 72, 77, 90, 97, 98, 105, 106, 107, 122, 132, 133, 149, 163, 164, 182, 207, 208, 221, 238, 239, 244, 245, 248, 249, 251, 303, 305, 306, 307, 308, 316, 359, 404, 412, 415, 417, 418, 470, 478, 483, 486, 487, 507, 508, 511, 516, 518, 519, 520, 523, 524, 526, 527, 545, 547, 548, 553, 558, 561, 570, 571, 574, 577, 581], "summary": {"covered_lines": 94, "num_statements": 218, "percent_covered": 43.11926605504587, "percent_covered_display": "43", "missing_lines": 124, "excluded_lines": 0, "percent_statements_covered": 43.11926605504587, "percent_statements_covered_display": "43"}, "missing_lines": [48, 55, 64, 99, 101, 102, 128, 129, 152, 154, 155, 160, 185, 187, 188, 194, 195, 196, 197, 198, 200, 201, 203, 204, 224, 226, 227, 232, 233, 235, 254, 256, 257, 261, 262, 264, 265, 269, 270, 273, 274, 277, 278, 279, 281, 282, 284, 285, 286, 287, 289, 290, 291, 295, 297, 304, 312, 313, 325, 337, 338, 339, 340, 343, 356, 369, 382, 383, 384, 385, 388, 401, 421, 422, 423, 426, 427, 428, 429, 430, 431, 432, 433, 434, 435, 437, 440, 441, 442, 450, 451, 452, 455, 456, 459, 460, 461, 463, 465, 466, 488, 490, 491, 492, 493, 494, 495, 496, 499, 500, 501, 502, 503, 504, 528, 531, 533, 534, 536, 538, 543, 583, 584, 585], "excluded_lines": [], "start_line": 1}}}, "app/api/features.py": {"executed_lines": [6, 7, 9, 10, 11, 13, 14, 15, 16, 17, 22, 23, 25, 28, 36, 37, 38, 51, 60, 61, 67, 68, 69, 84, 91, 92, 108, 120, 121, 139, 159, 160, 173, 186, 187, 205, 250, 254, 271], "summary": {"covered_lines": 39, "num_statements": 90, "percent_covered": 43.333333333333336, "percent_covered_display": "43", "missing_lines": 51, "excluded_lines": 0, "percent_statements_covered": 43.333333333333336, "percent_statements_covered_display": "43"}, "missing_lines": [30, 62, 64, 87, 88, 109, 111, 112, 117, 140, 142, 143, 149, 150, 151, 153, 154, 156, 174, 176, 177, 182, 183, 206, 208, 209, 214, 216, 217, 218, 223, 230, 231, 233, 234, 236, 243, 244, 274, 276, 277, 283, 289, 292, 293, 300, 301, 309, 310, 320, 328], "excluded_lines": [], "functions": {"get_github_service": {"executed_lines": [], "summary": {"covered_lines": 0, "num_statements": 1, "percent_covered": 0.0, "percent_covered_display": "0", "missing_lines": 1, "excluded_lines": 0, "percent_statements_covered": 0.0, "percent_statements_covered_display": "0"}, "missing_lines": [30], "excluded_lines": [], "start_line": 28}, "create_feature": {"executed_lines": [51, 60, 61], "summary": {"covered_lines": 3, "num_statements": 5, "percent_covered": 60.0, "percent_covered_display": "60", "missing_lines": 2, "excluded_lines": 0, "percent_statements_covered": 60.0, "percent_statements_covered_display": "60"}, "missing_lines": [62, 64], "excluded_lines": [], "start_line": 38}, "list_features": {"executed_lines": [84], "summary": {"covered_lines": 1, "num_statements": 3, "percent_covered": 33.333333333333336, "percent_covered_display": "33", "missing_lines": 2, "excluded_lines": 0, "percent_statements_covered": 33.333333333333336, "percent_statements_covered_display": "33"}, "missing_lines": [87, 88], "excluded_lines": [], "start_line": 69}, "get_feature": {"executed_lines": [108], "summary": {"covered_lines": 1, "num_statements": 5, "percent_covered": 20.0, "percent_covered_display": "20", "missing_lines": 4, "excluded_lines": 0, "percent_statements_covered": 20.0, "percent_statements_covered_display": "20"}, "missing_lines": [109, 111, 112, 117], "excluded_lines": [], "start_line": 92}, "update_feature": {"executed_lines": [139], "summary": {"covered_lines": 1, "num_statements": 10, "percent_covered": 10.0, "percent_covered_display": "10", "missing_lines": 9, "excluded_lines": 0, "percent_statements_covered": 10.0, "percent_statements_covered_display": "10"}, "missing_lines": [140, 142, 143, 149, 150, 151, 153, 154, 156], "excluded_lines": [], "start_line": 121}, "delete_feature": {"executed_lines": [173], "summary": {"covered_lines": 1, "num_statements": 6, "percent_covered": 16.666666666666668, "percent_covered_display": "17", "missing_lines": 5, "excluded_lines": 0, "percent_statements_covered": 16.666666666666668, "percent_statements_covered_display": "17"}, "missing_lines": [174, 176, 177, 182, 183], "excluded_lines": [], "start_line": 160}, "trigger_analysis": {"executed_lines": [205], "summary": {"covered_lines": 1, "num_statements": 16, "percent_covered": 6.25, "percent_covered_display": "6", "missing_lines": 15, "excluded_lines": 0, "percent_statements_covered": 6.25, "percent_statements_covered_display": "6"}, "missing_lines": [206, 208, 209, 214, 216, 217, 218, 223, 230, 231, 233, 234, 236, 243, 244], "excluded_lines": [], "start_line": 187}, "get_feature_analysis": {"executed_lines": [271], "summary": {"covered_lines": 1, "num_statements": 14, "percent_covered": 7.142857142857143, "percent_covered_display": "7", "missing_lines": 13, "excluded_lines": 0, "percent_statements_covered": 7.142857142857143, "percent_statements_covered_display": "7"}, "missing_lines": [274, 276, 277, 283, 289, 292, 293, 300, 301, 309, 310, 320, 328], "excluded_lines": [], "start_line": 254}, "": {"executed_lines": [6, 7, 9, 10, 11, 13, 14, 15, 16, 17, 22, 23, 25, 28, 36, 37, 38, 67, 68, 69, 91, 92, 120, 121, 159, 160, 186, 187, 250, 254], "summary": {"covered_lines": 30, "num_statements": 30, "percent_covered": 100.0, "percent_covered_display": "100", "missing_lines": 0, "excluded_lines": 0, "percent_statements_covered": 100.0, "percent_statements_covered_display": "100"}, "missing_lines": [], "excluded_lines": [], "start_line": 1}}, "classes": {"": {"executed_lines": [6, 7, 9, 10, 11, 13, 14, 15, 16, 17, 22, 23, 25, 28, 36, 37, 38, 51, 60, 61, 67, 68, 69, 84, 91, 92, 108, 120, 121, 139, 159, 160, 173, 186, 187, 205, 250, 254, 271], "summary": {"covered_lines": 39, "num_statements": 90, "percent_covered": 43.333333333333336, "percent_covered_display": "43", "missing_lines": 51, "excluded_lines": 0, "percent_statements_covered": 43.333333333333336, "percent_statements_covered_display": "43"}, "missing_lines": [30, 62, 64, 87, 88, 109, 111, 112, 117, 140, 142, 143, 149, 150, 151, 153, 154, 156, 174, 176, 177, 182, 183, 206, 208, 209, 214, 216, 217, 218, 223, 230, 231, 233, 234, 236, 243, 244, 274, 276, 277, 283, 289, 292, 293, 300, 301, 309, 310, 320, 328], "excluded_lines": [], "start_line": 1}}}, "app/api/ideas.py": {"executed_lines": [2, 3, 4, 5, 6, 8, 9, 10, 11, 12, 13, 15, 17, 20, 21, 22, 35, 45, 46, 53, 54, 55, 77, 80, 81, 82, 83, 85, 90, 91, 107, 119, 120, 138, 163, 164, 177, 192, 193, 207, 208, 213, 214, 217, 223, 224], "summary": {"covered_lines": 46, "num_statements": 78, "percent_covered": 58.97435897435897, "percent_covered_display": "59", "missing_lines": 32, "excluded_lines": 0, "percent_statements_covered": 58.97435897435897, "percent_statements_covered_display": "59"}, "missing_lines": [47, 49, 50, 86, 87, 108, 110, 111, 116, 139, 141, 142, 148, 149, 150, 151, 152, 153, 154, 156, 157, 159, 160, 178, 180, 181, 186, 187, 189, 226, 227, 228], "excluded_lines": [], "functions": {"create_idea": {"executed_lines": [35, 45, 46], "summary": {"covered_lines": 3, "num_statements": 6, "percent_covered": 50.0, "percent_covered_display": "50", "missing_lines": 3, "excluded_lines": 0, "percent_statements_covered": 50.0, "percent_statements_covered_display": "50"}, "missing_lines": [47, 49, 50], "excluded_lines": [], "start_line": 22}, "list_ideas": {"executed_lines": [77, 80, 81, 82, 83, 85], "summary": {"covered_lines": 6, "num_statements": 8, "percent_covered": 75.0, "percent_covered_display": "75", "missing_lines": 2, "excluded_lines": 0, "percent_statements_covered": 75.0, "percent_statements_covered_display": "75"}, "missing_lines": [86, 87], "excluded_lines": [], "start_line": 55}, "get_idea": {"executed_lines": [107], "summary": {"covered_lines": 1, "num_statements": 5, "percent_covered": 20.0, "percent_covered_display": "20", "missing_lines": 4, "excluded_lines": 0, "percent_statements_covered": 20.0, "percent_statements_covered_display": "20"}, "missing_lines": [108, 110, 111, 116], "excluded_lines": [], "start_line": 91}, "update_idea": {"executed_lines": [138], "summary": {"covered_lines": 1, "num_statements": 15, "percent_covered": 6.666666666666667, "percent_covered_display": "7", "missing_lines": 14, "excluded_lines": 0, "percent_statements_covered": 6.666666666666667, "percent_statements_covered_display": "7"}, "missing_lines": [139, 141, 142, 148, 149, 150, 151, 152, 153, 154, 156, 157, 159, 160], "excluded_lines": [], "start_line": 120}, "delete_idea": {"executed_lines": [177], "summary": {"covered_lines": 1, "num_statements": 7, "percent_covered": 14.285714285714286, "percent_covered_display": "14", "missing_lines": 6, "excluded_lines": 0, "percent_statements_covered": 14.285714285714286, "percent_statements_covered_display": "14"}, "missing_lines": [178, 180, 181, 186, 187, 189], "excluded_lines": [], "start_line": 164}, "evaluate_idea": {"executed_lines": [207, 208, 213, 214, 217, 223, 224], "summary": {"covered_lines": 7, "num_statements": 10, "percent_covered": 70.0, "percent_covered_display": "70", "missing_lines": 3, "excluded_lines": 0, "percent_statements_covered": 70.0, "percent_statements_covered_display": "70"}, "missing_lines": [226, 227, 228], "excluded_lines": [], "start_line": 193}, "": {"executed_lines": [2, 3, 4, 5, 6, 8, 9, 10, 11, 12, 13, 15, 17, 20, 21, 22, 53, 54, 55, 90, 91, 119, 120, 163, 164, 192, 193], "summary": {"covered_lines": 27, "num_statements": 27, "percent_covered": 100.0, "percent_covered_display": "100", "missing_lines": 0, "excluded_lines": 0, "percent_statements_covered": 100.0, "percent_statements_covered_display": "100"}, "missing_lines": [], "excluded_lines": [], "start_line": 1}}, "classes": {"": {"executed_lines": [2, 3, 4, 5, 6, 8, 9, 10, 11, 12, 13, 15, 17, 20, 21, 22, 35, 45, 46, 53, 54, 55, 77, 80, 81, 82, 83, 85, 90, 91, 107, 119, 120, 138, 163, 164, 177, 192, 193, 207, 208, 213, 214, 217, 223, 224], "summary": {"covered_lines": 46, "num_statements": 78, "percent_covered": 58.97435897435897, "percent_covered_display": "59", "missing_lines": 32, "excluded_lines": 0, "percent_statements_covered": 58.97435897435897, "percent_statements_covered_display": "59"}, "missing_lines": [47, 49, 50, 86, 87, 108, 110, 111, 116, 139, 141, 142, 148, 149, 150, 151, 152, 153, 154, 156, 157, 159, 160, 178, 180, 181, 186, 187, 189, 226, 227, 228], "excluded_lines": [], "start_line": 1}}}, "app/api/webhooks.py": {"executed_lines": [3, 4, 5, 6, 8, 9, 10, 11, 12, 13, 15, 18, 19, 48, 49, 52], "summary": {"covered_lines": 16, "num_statements": 35, "percent_covered": 45.714285714285715, "percent_covered_display": "46", "missing_lines": 19, "excluded_lines": 0, "percent_statements_covered": 45.714285714285715, "percent_statements_covered_display": "46"}, "missing_lines": [55, 57, 58, 64, 65, 70, 76, 77, 83, 84, 86, 89, 93, 107, 110, 120, 121, 122, 124], "excluded_lines": [], "functions": {"receive_analysis_result": {"executed_lines": [48, 49, 52], "summary": {"covered_lines": 3, "num_statements": 22, "percent_covered": 13.636363636363637, "percent_covered_display": "14", "missing_lines": 19, "excluded_lines": 0, "percent_statements_covered": 13.636363636363637, "percent_statements_covered_display": "14"}, "missing_lines": [55, 57, 58, 64, 65, 70, 76, 77, 83, 84, 86, 89, 93, 107, 110, 120, 121, 122, 124], "excluded_lines": [], "start_line": 19}, "": {"executed_lines": [3, 4, 5, 6, 8, 9, 10, 11, 12, 13, 15, 18, 19], "summary": {"covered_lines": 13, "num_statements": 13, "percent_covered": 100.0, "percent_covered_display": "100", "missing_lines": 0, "excluded_lines": 0, "percent_statements_covered": 100.0, "percent_statements_covered_display": "100"}, "missing_lines": [], "excluded_lines": [], "start_line": 1}}, "classes": {"": {"executed_lines": [3, 4, 5, 6, 8, 9, 10, 11, 12, 13, 15, 18, 19, 48, 49, 52], "summary": {"covered_lines": 16, "num_statements": 35, "percent_covered": 45.714285714285715, "percent_covered_display": "46", "missing_lines": 19, "excluded_lines": 0, "percent_statements_covered": 45.714285714285715, "percent_statements_covered_display": "46"}, "missing_lines": [55, 57, 58, 64, 65, 70, 76, 77, 83, 84, 86, 89, 93, 107, 110, 120, 121, 122, 124], "excluded_lines": [], "start_line": 1}}}, "app/config.py": {"executed_lines": [1, 4, 7, 14, 15, 16, 19, 24, 25, 28, 31, 32, 35, 36, 39, 42, 58], "summary": {"covered_lines": 17, "num_statements": 17, "percent_covered": 100.0, "percent_covered_display": "100", "missing_lines": 0, "excluded_lines": 0, "percent_statements_covered": 100.0, "percent_statements_covered_display": "100"}, "missing_lines": [], "excluded_lines": [], "functions": {"": {"executed_lines": [1, 4, 7, 14, 15, 16, 19, 24, 25, 28, 31, 32, 35, 36, 39, 42, 58], "summary": {"covered_lines": 17, "num_statements": 17, "percent_covered": 100.0, "percent_covered_display": "100", "missing_lines": 0, "excluded_lines": 0, "percent_statements_covered": 100.0, "percent_statements_covered_display": "100"}, "missing_lines": [], "excluded_lines": [], "start_line": 1}}, "classes": {"Settings": {"executed_lines": [], "summary": {"covered_lines": 0, "num_statements": 0, "percent_covered": 100.0, "percent_covered_display": "100", "missing_lines": 0, "excluded_lines": 0, "percent_statements_covered": 100.0, "percent_statements_covered_display": "100"}, "missing_lines": [], "excluded_lines": [], "start_line": 4}, "": {"executed_lines": [1, 4, 7, 14, 15, 16, 19, 24, 25, 28, 31, 32, 35, 36, 39, 42, 58], "summary": {"covered_lines": 17, "num_statements": 17, "percent_covered": 100.0, "percent_covered_display": "100", "missing_lines": 0, "excluded_lines": 0, "percent_statements_covered": 100.0, "percent_statements_covered_display": "100"}, "missing_lines": [], "excluded_lines": [], "start_line": 1}}}, "app/database.py": {"executed_lines": [3, 5, 7, 10, 17, 26], "summary": {"covered_lines": 6, "num_statements": 10, "percent_covered": 60.0, "percent_covered_display": "60", "missing_lines": 4, "excluded_lines": 0, "percent_statements_covered": 60.0, "percent_statements_covered_display": "60"}, "missing_lines": [32, 33, 34, 36], "excluded_lines": [], "functions": {"get_db": {"executed_lines": [], "summary": {"covered_lines": 0, "num_statements": 4, "percent_covered": 0.0, "percent_covered_display": "0", "missing_lines": 4, "excluded_lines": 0, "percent_statements_covered": 0.0, "percent_statements_covered_display": "0"}, "missing_lines": [32, 33, 34, 36], "excluded_lines": [], "start_line": 26}, "": {"executed_lines": [3, 5, 7, 10, 17, 26], "summary": {"covered_lines": 6, "num_statements": 6, "percent_covered": 100.0, "percent_covered_display": "100", "missing_lines": 0, "excluded_lines": 0, "percent_statements_covered": 100.0, "percent_statements_covered_display": "100"}, "missing_lines": [], "excluded_lines": [], "start_line": 1}}, "classes": {"": {"executed_lines": [3, 5, 7, 10, 17, 26], "summary": {"covered_lines": 6, "num_statements": 10, "percent_covered": 60.0, "percent_covered_display": "60", "missing_lines": 4, "excluded_lines": 0, "percent_statements_covered": 60.0, "percent_statements_covered_display": "60"}, "missing_lines": [32, 33, 34, 36], "excluded_lines": [], "start_line": 1}}}, "app/main.py": {"executed_lines": [1, 2, 4, 5, 7, 8, 9, 10, 11, 12, 13, 16, 17, 18, 19, 20, 23, 24, 25, 26, 29, 30, 42, 49, 58, 59, 60, 61, 62, 65, 66, 76, 77], "summary": {"covered_lines": 33, "num_statements": 38, "percent_covered": 86.84210526315789, "percent_covered_display": "87", "missing_lines": 5, "excluded_lines": 0, "percent_statements_covered": 86.84210526315789, "percent_statements_covered_display": "87"}, "missing_lines": [36, 37, 39, 68, 79], "excluded_lines": [], "functions": {"lifespan": {"executed_lines": [], "summary": {"covered_lines": 0, "num_statements": 3, "percent_covered": 0.0, "percent_covered_display": "0", "missing_lines": 3, "excluded_lines": 0, "percent_statements_covered": 0.0, "percent_statements_covered_display": "0"}, "missing_lines": [36, 37, 39], "excluded_lines": [], "start_line": 30}, "root": {"executed_lines": [], "summary": {"covered_lines": 0, "num_statements": 1, "percent_covered": 0.0, "percent_covered_display": "0", "missing_lines": 1, "excluded_lines": 0, "percent_statements_covered": 0.0, "percent_statements_covered_display": "0"}, "missing_lines": [68], "excluded_lines": [], "start_line": 66}, "health_check": {"executed_lines": [], "summary": {"covered_lines": 0, "num_statements": 1, "percent_covered": 0.0, "percent_covered_display": "0", "missing_lines": 1, "excluded_lines": 0, "percent_statements_covered": 0.0, "percent_statements_covered_display": "0"}, "missing_lines": [79], "excluded_lines": [], "start_line": 77}, "": {"executed_lines": [1, 2, 4, 5, 7, 8, 9, 10, 11, 12, 13, 16, 17, 18, 19, 20, 23, 24, 25, 26, 29, 30, 42, 49, 58, 59, 60, 61, 62, 65, 66, 76, 77], "summary": {"covered_lines": 33, "num_statements": 33, "percent_covered": 100.0, "percent_covered_display": "100", "missing_lines": 0, "excluded_lines": 0, "percent_statements_covered": 100.0, "percent_statements_covered_display": "100"}, "missing_lines": [], "excluded_lines": [], "start_line": 1}}, "classes": {"": {"executed_lines": [1, 2, 4, 5, 7, 8, 9, 10, 11, 12, 13, 16, 17, 18, 19, 20, 23, 24, 25, 26, 29, 30, 42, 49, 58, 59, 60, 61, 62, 65, 66, 76, 77], "summary": {"covered_lines": 33, "num_statements": 38, "percent_covered": 86.84210526315789, "percent_covered_display": "87", "missing_lines": 5, "excluded_lines": 0, "percent_statements_covered": 86.84210526315789, "percent_statements_covered_display": "87"}, "missing_lines": [36, 37, 39, 68, 79], "excluded_lines": [], "start_line": 1}}}, "app/models/__init__.py": {"executed_lines": [3, 4, 5, 6, 12, 13, 14, 16], "summary": {"covered_lines": 8, "num_statements": 8, "percent_covered": 100.0, "percent_covered_display": "100", "missing_lines": 0, "excluded_lines": 0, "percent_statements_covered": 100.0, "percent_statements_covered_display": "100"}, "missing_lines": [], "excluded_lines": [], "functions": {"": {"executed_lines": [3, 4, 5, 6, 12, 13, 14, 16], "summary": {"covered_lines": 8, "num_statements": 8, "percent_covered": 100.0, "percent_covered_display": "100", "missing_lines": 0, "excluded_lines": 0, "percent_statements_covered": 100.0, "percent_statements_covered_display": "100"}, "missing_lines": [], "excluded_lines": [], "start_line": 1}}, "classes": {"": {"executed_lines": [3, 4, 5, 6, 12, 13, 14, 16], "summary": {"covered_lines": 8, "num_statements": 8, "percent_covered": 100.0, "percent_covered_display": "100", "missing_lines": 0, "excluded_lines": 0, "percent_statements_covered": 100.0, "percent_statements_covered_display": "100"}, "missing_lines": [], "excluded_lines": [], "start_line": 1}}}, "app/models/agent.py": {"executed_lines": [2, 3, 4, 5, 6, 7, 8, 14, 17, 20, 23, 24, 25, 28, 29, 30, 35, 36, 39, 40, 41, 44, 45, 48, 51, 54, 59, 63, 67, 71, 74, 77, 80, 83, 88, 89, 92, 93, 94, 97, 100, 103, 108, 111, 116, 117, 119, 125, 129, 132, 135, 138, 139, 142, 147, 150, 155, 156, 159, 160, 163, 166, 167, 169, 174], "summary": {"covered_lines": 65, "num_statements": 68, "percent_covered": 95.58823529411765, "percent_covered_display": "96", "missing_lines": 3, "excluded_lines": 2, "percent_statements_covered": 95.58823529411765, "percent_statements_covered_display": "96"}, "missing_lines": [68, 126, 175], "excluded_lines": [10, 11], "functions": {"AgentType.__repr__": {"executed_lines": [], "summary": {"covered_lines": 0, "num_statements": 1, "percent_covered": 0.0, "percent_covered_display": "0", "missing_lines": 1, "excluded_lines": 0, "percent_statements_covered": 0.0, "percent_statements_covered_display": "0"}, "missing_lines": [68], "excluded_lines": [], "start_line": 67}, "AgentToolConfig.__repr__": {"executed_lines": [], "summary": {"covered_lines": 0, "num_statements": 1, "percent_covered": 0.0, "percent_covered_display": "0", "missing_lines": 1, "excluded_lines": 0, "percent_statements_covered": 0.0, "percent_statements_covered_display": "0"}, "missing_lines": [126], "excluded_lines": [], "start_line": 125}, "ToolUsageAudit.__repr__": {"executed_lines": [], "summary": {"covered_lines": 0, "num_statements": 1, "percent_covered": 0.0, "percent_covered_display": "0", "missing_lines": 1, "excluded_lines": 0, "percent_statements_covered": 0.0, "percent_statements_covered_display": "0"}, "missing_lines": [175], "excluded_lines": [], "start_line": 174}, "": {"executed_lines": [2, 3, 4, 5, 6, 7, 8, 14, 17, 20, 23, 24, 25, 28, 29, 30, 35, 36, 39, 40, 41, 44, 45, 48, 51, 54, 59, 63, 67, 71, 74, 77, 80, 83, 88, 89, 92, 93, 94, 97, 100, 103, 108, 111, 116, 117, 119, 125, 129, 132, 135, 138, 139, 142, 147, 150, 155, 156, 159, 160, 163, 166, 167, 169, 174], "summary": {"covered_lines": 65, "num_statements": 65, "percent_covered": 100.0, "percent_covered_display": "100", "missing_lines": 0, "excluded_lines": 2, "percent_statements_covered": 100.0, "percent_statements_covered_display": "100"}, "missing_lines": [], "excluded_lines": [10, 11], "start_line": 1}}, "classes": {"AgentType": {"executed_lines": [], "summary": {"covered_lines": 0, "num_statements": 1, "percent_covered": 0.0, "percent_covered_display": "0", "missing_lines": 1, "excluded_lines": 0, "percent_statements_covered": 0.0, "percent_statements_covered_display": "0"}, "missing_lines": [68], "excluded_lines": [], "start_line": 14}, "AgentToolConfig": {"executed_lines": [], "summary": {"covered_lines": 0, "num_statements": 1, "percent_covered": 0.0, "percent_covered_display": "0", "missing_lines": 1, "excluded_lines": 0, "percent_statements_covered": 0.0, "percent_statements_covered_display": "0"}, "missing_lines": [126], "excluded_lines": [], "start_line": 71}, "ToolUsageAudit": {"executed_lines": [], "summary": {"covered_lines": 0, "num_statements": 1, "percent_covered": 0.0, "percent_covered_display": "0", "missing_lines": 1, "excluded_lines": 0, "percent_statements_covered": 0.0, "percent_statements_covered_display": "0"}, "missing_lines": [175], "excluded_lines": [], "start_line": 129}, "": {"executed_lines": [2, 3, 4, 5, 6, 7, 8, 14, 17, 20, 23, 24, 25, 28, 29, 30, 35, 36, 39, 40, 41, 44, 45, 48, 51, 54, 59, 63, 67, 71, 74, 77, 80, 83, 88, 89, 92, 93, 94, 97, 100, 103, 108, 111, 116, 117, 119, 125, 129, 132, 135, 138, 139, 142, 147, 150, 155, 156, 159, 160, 163, 166, 167, 169, 174], "summary": {"covered_lines": 65, "num_statements": 65, "percent_covered": 100.0, "percent_covered_display": "100", "missing_lines": 0, "excluded_lines": 2, "percent_statements_covered": 100.0, "percent_statements_covered_display": "100"}, "missing_lines": [], "excluded_lines": [10, 11], "start_line": 1}}}, "app/models/analysis.py": {"executed_lines": [3, 4, 6, 7, 9, 15, 18, 20, 21, 28, 31, 32, 33, 38, 41, 44, 49, 52, 55, 58, 63, 66, 69, 74, 75, 76, 81], "summary": {"covered_lines": 27, "num_statements": 27, "percent_covered": 100.0, "percent_covered_display": "100", "missing_lines": 0, "excluded_lines": 2, "percent_statements_covered": 100.0, "percent_statements_covered_display": "100"}, "missing_lines": [], "excluded_lines": [11, 12], "functions": {"": {"executed_lines": [3, 4, 6, 7, 9, 15, 18, 20, 21, 28, 31, 32, 33, 38, 41, 44, 49, 52, 55, 58, 63, 66, 69, 74, 75, 76, 81], "summary": {"covered_lines": 27, "num_statements": 27, "percent_covered": 100.0, "percent_covered_display": "100", "missing_lines": 0, "excluded_lines": 2, "percent_statements_covered": 100.0, "percent_statements_covered_display": "100"}, "missing_lines": [], "excluded_lines": [11, 12], "start_line": 1}}, "classes": {"Analysis": {"executed_lines": [], "summary": {"covered_lines": 0, "num_statements": 0, "percent_covered": 100.0, "percent_covered_display": "100", "missing_lines": 0, "excluded_lines": 0, "percent_statements_covered": 100.0, "percent_statements_covered_display": "100"}, "missing_lines": [], "excluded_lines": [], "start_line": 15}, "": {"executed_lines": [3, 4, 6, 7, 9, 15, 18, 20, 21, 28, 31, 32, 33, 38, 41, 44, 49, 52, 55, 58, 63, 66, 69, 74, 75, 76, 81], "summary": {"covered_lines": 27, "num_statements": 27, "percent_covered": 100.0, "percent_covered_display": "100", "missing_lines": 0, "excluded_lines": 2, "percent_statements_covered": 100.0, "percent_statements_covered_display": "100"}, "missing_lines": [], "excluded_lines": [11, 12], "start_line": 1}}}, "app/models/base.py": {"executed_lines": [3, 4, 5, 8, 11, 14, 17, 22], "summary": {"covered_lines": 8, "num_statements": 8, "percent_covered": 100.0, "percent_covered_display": "100", "missing_lines": 0, "excluded_lines": 0, "percent_statements_covered": 100.0, "percent_statements_covered_display": "100"}, "missing_lines": [], "excluded_lines": [], "functions": {"": {"executed_lines": [3, 4, 5, 8, 11, 14, 17, 22], "summary": {"covered_lines": 8, "num_statements": 8, "percent_covered": 100.0, "percent_covered_display": "100", "missing_lines": 0, "excluded_lines": 0, "percent_statements_covered": 100.0, "percent_statements_covered_display": "100"}, "missing_lines": [], "excluded_lines": [], "start_line": 1}}, "classes": {"Base": {"executed_lines": [], "summary": {"covered_lines": 0, "num_statements": 0, "percent_covered": 100.0, "percent_covered_display": "100", "missing_lines": 0, "excluded_lines": 0, "percent_statements_covered": 100.0, "percent_statements_covered_display": "100"}, "missing_lines": [], "excluded_lines": [], "start_line": 8}, "TimestampMixin": {"executed_lines": [], "summary": {"covered_lines": 0, "num_statements": 0, "percent_covered": 100.0, "percent_covered_display": "100", "missing_lines": 0, "excluded_lines": 0, "percent_statements_covered": 100.0, "percent_statements_covered_display": "100"}, "missing_lines": [], "excluded_lines": [], "start_line": 14}, "": {"executed_lines": [3, 4, 5, 8, 11, 14, 17, 22], "summary": {"covered_lines": 8, "num_statements": 8, "percent_covered": 100.0, "percent_covered_display": "100", "missing_lines": 0, "excluded_lines": 0, "percent_statements_covered": 100.0, "percent_statements_covered_display": "100"}, "missing_lines": [], "excluded_lines": [], "start_line": 1}}}, "app/models/brainstorm.py": {"executed_lines": [2, 3, 5, 6, 7, 8, 9, 11, 17, 20, 21, 22, 23, 26, 29, 30, 33, 36, 38, 39, 40, 41, 48, 56, 59, 61, 62, 67, 68, 73], "summary": {"covered_lines": 30, "num_statements": 30, "percent_covered": 100.0, "percent_covered_display": "100", "missing_lines": 0, "excluded_lines": 2, "percent_statements_covered": 100.0, "percent_statements_covered_display": "100"}, "missing_lines": [], "excluded_lines": [13, 14], "functions": {"": {"executed_lines": [2, 3, 5, 6, 7, 8, 9, 11, 17, 20, 21, 22, 23, 26, 29, 30, 33, 36, 38, 39, 40, 41, 48, 56, 59, 61, 62, 67, 68, 73], "summary": {"covered_lines": 30, "num_statements": 30, "percent_covered": 100.0, "percent_covered_display": "100", "missing_lines": 0, "excluded_lines": 2, "percent_statements_covered": 100.0, "percent_statements_covered_display": "100"}, "missing_lines": [], "excluded_lines": [13, 14], "start_line": 1}}, "classes": {"BrainstormSessionStatus": {"executed_lines": [], "summary": {"covered_lines": 0, "num_statements": 0, "percent_covered": 100.0, "percent_covered_display": "100", "missing_lines": 0, "excluded_lines": 0, "percent_statements_covered": 100.0, "percent_statements_covered_display": "100"}, "missing_lines": [], "excluded_lines": [], "start_line": 17}, "MessageRole": {"executed_lines": [], "summary": {"covered_lines": 0, "num_statements": 0, "percent_covered": 100.0, "percent_covered_display": "100", "missing_lines": 0, "excluded_lines": 0, "percent_statements_covered": 100.0, "percent_statements_covered_display": "100"}, "missing_lines": [], "excluded_lines": [], "start_line": 26}, "BrainstormSession": {"executed_lines": [], "summary": {"covered_lines": 0, "num_statements": 0, "percent_covered": 100.0, "percent_covered_display": "100", "missing_lines": 0, "excluded_lines": 0, "percent_statements_covered": 100.0, "percent_statements_covered_display": "100"}, "missing_lines": [], "excluded_lines": [], "start_line": 33}, "BrainstormMessage": {"executed_lines": [], "summary": {"covered_lines": 0, "num_statements": 0, "percent_covered": 100.0, "percent_covered_display": "100", "missing_lines": 0, "excluded_lines": 0, "percent_statements_covered": 100.0, "percent_statements_covered_display": "100"}, "missing_lines": [], "excluded_lines": [], "start_line": 56}, "": {"executed_lines": [2, 3, 5, 6, 7, 8, 9, 11, 17, 20, 21, 22, 23, 26, 29, 30, 33, 36, 38, 39, 40, 41, 48, 56, 59, 61, 62, 67, 68, 73], "summary": {"covered_lines": 30, "num_statements": 30, "percent_covered": 100.0, "percent_covered_display": "100", "missing_lines": 0, "excluded_lines": 2, "percent_statements_covered": 100.0, "percent_statements_covered_display": "100"}, "missing_lines": [], "excluded_lines": [13, 14], "start_line": 1}}}, "app/models/feature.py": {"executed_lines": [3, 4, 5, 7, 8, 10, 16, 19, 20, 21, 22, 25, 28, 30, 31, 32, 33, 38, 39, 40, 45, 46, 51, 56], "summary": {"covered_lines": 24, "num_statements": 24, "percent_covered": 100.0, "percent_covered_display": "100", "missing_lines": 0, "excluded_lines": 2, "percent_statements_covered": 100.0, "percent_statements_covered_display": "100"}, "missing_lines": [], "excluded_lines": [12, 13], "functions": {"": {"executed_lines": [3, 4, 5, 7, 8, 10, 16, 19, 20, 21, 22, 25, 28, 30, 31, 32, 33, 38, 39, 40, 45, 46, 51, 56], "summary": {"covered_lines": 24, "num_statements": 24, "percent_covered": 100.0, "percent_covered_display": "100", "missing_lines": 0, "excluded_lines": 2, "percent_statements_covered": 100.0, "percent_statements_covered_display": "100"}, "missing_lines": [], "excluded_lines": [12, 13], "start_line": 1}}, "classes": {"FeatureStatus": {"executed_lines": [], "summary": {"covered_lines": 0, "num_statements": 0, "percent_covered": 100.0, "percent_covered_display": "100", "missing_lines": 0, "excluded_lines": 0, "percent_statements_covered": 100.0, "percent_statements_covered_display": "100"}, "missing_lines": [], "excluded_lines": [], "start_line": 16}, "Feature": {"executed_lines": [], "summary": {"covered_lines": 0, "num_statements": 0, "percent_covered": 100.0, "percent_covered_display": "100", "missing_lines": 0, "excluded_lines": 0, "percent_statements_covered": 100.0, "percent_statements_covered_display": "100"}, "missing_lines": [], "excluded_lines": [], "start_line": 25}, "": {"executed_lines": [3, 4, 5, 7, 8, 10, 16, 19, 20, 21, 22, 25, 28, 30, 31, 32, 33, 38, 39, 40, 45, 46, 51, 56], "summary": {"covered_lines": 24, "num_statements": 24, "percent_covered": 100.0, "percent_covered_display": "100", "missing_lines": 0, "excluded_lines": 2, "percent_statements_covered": 100.0, "percent_statements_covered_display": "100"}, "missing_lines": [], "excluded_lines": [12, 13], "start_line": 1}}}, "app/models/idea.py": {"executed_lines": [2, 3, 5, 6, 7, 9, 15, 18, 19, 20, 21, 22, 25, 28, 29, 30, 31, 34, 37, 39, 40, 41, 44, 49, 56, 57, 60, 61, 62, 65], "summary": {"covered_lines": 30, "num_statements": 30, "percent_covered": 100.0, "percent_covered_display": "100", "missing_lines": 0, "excluded_lines": 2, "percent_statements_covered": 100.0, "percent_statements_covered_display": "100"}, "missing_lines": [], "excluded_lines": [11, 12], "functions": {"": {"executed_lines": [2, 3, 5, 6, 7, 9, 15, 18, 19, 20, 21, 22, 25, 28, 29, 30, 31, 34, 37, 39, 40, 41, 44, 49, 56, 57, 60, 61, 62, 65], "summary": {"covered_lines": 30, "num_statements": 30, "percent_covered": 100.0, "percent_covered_display": "100", "missing_lines": 0, "excluded_lines": 2, "percent_statements_covered": 100.0, "percent_statements_covered_display": "100"}, "missing_lines": [], "excluded_lines": [11, 12], "start_line": 1}}, "classes": {"IdeaStatus": {"executed_lines": [], "summary": {"covered_lines": 0, "num_statements": 0, "percent_covered": 100.0, "percent_covered_display": "100", "missing_lines": 0, "excluded_lines": 0, "percent_statements_covered": 100.0, "percent_statements_covered_display": "100"}, "missing_lines": [], "excluded_lines": [], "start_line": 15}, "IdeaPriority": {"executed_lines": [], "summary": {"covered_lines": 0, "num_statements": 0, "percent_covered": 100.0, "percent_covered_display": "100", "missing_lines": 0, "excluded_lines": 0, "percent_statements_covered": 100.0, "percent_statements_covered_display": "100"}, "missing_lines": [], "excluded_lines": [], "start_line": 25}, "Idea": {"executed_lines": [], "summary": {"covered_lines": 0, "num_statements": 0, "percent_covered": 100.0, "percent_covered_display": "100", "missing_lines": 0, "excluded_lines": 0, "percent_statements_covered": 100.0, "percent_statements_covered_display": "100"}, "missing_lines": [], "excluded_lines": [], "start_line": 34}, "": {"executed_lines": [2, 3, 5, 6, 7, 9, 15, 18, 19, 20, 21, 22, 25, 28, 29, 30, 31, 34, 37, 39, 40, 41, 44, 49, 56, 57, 60, 61, 62, 65], "summary": {"covered_lines": 30, "num_statements": 30, "percent_covered": 100.0, "percent_covered_display": "100", "missing_lines": 0, "excluded_lines": 2, "percent_statements_covered": 100.0, "percent_statements_covered_display": "100"}, "missing_lines": [], "excluded_lines": [11, 12], "start_line": 1}}}, "app/models/tool.py": {"executed_lines": [2, 3, 4, 5, 6, 7, 8, 14, 17, 20, 23, 24, 25, 28, 29, 34, 35, 36, 39, 40, 43, 46, 49, 52, 55, 59, 64], "summary": {"covered_lines": 27, "num_statements": 28, "percent_covered": 96.42857142857143, "percent_covered_display": "96", "missing_lines": 1, "excluded_lines": 2, "percent_statements_covered": 96.42857142857143, "percent_statements_covered_display": "96"}, "missing_lines": [65], "excluded_lines": [10, 11], "functions": {"Tool.__repr__": {"executed_lines": [], "summary": {"covered_lines": 0, "num_statements": 1, "percent_covered": 0.0, "percent_covered_display": "0", "missing_lines": 1, "excluded_lines": 0, "percent_statements_covered": 0.0, "percent_statements_covered_display": "0"}, "missing_lines": [65], "excluded_lines": [], "start_line": 64}, "": {"executed_lines": [2, 3, 4, 5, 6, 7, 8, 14, 17, 20, 23, 24, 25, 28, 29, 34, 35, 36, 39, 40, 43, 46, 49, 52, 55, 59, 64], "summary": {"covered_lines": 27, "num_statements": 27, "percent_covered": 100.0, "percent_covered_display": "100", "missing_lines": 0, "excluded_lines": 2, "percent_statements_covered": 100.0, "percent_statements_covered_display": "100"}, "missing_lines": [], "excluded_lines": [10, 11], "start_line": 1}}, "classes": {"Tool": {"executed_lines": [], "summary": {"covered_lines": 0, "num_statements": 1, "percent_covered": 0.0, "percent_covered_display": "0", "missing_lines": 1, "excluded_lines": 0, "percent_statements_covered": 0.0, "percent_statements_covered_display": "0"}, "missing_lines": [65], "excluded_lines": [], "start_line": 14}, "": {"executed_lines": [2, 3, 4, 5, 6, 7, 8, 14, 17, 20, 23, 24, 25, 28, 29, 34, 35, 36, 39, 40, 43, 46, 49, 52, 55, 59, 64], "summary": {"covered_lines": 27, "num_statements": 27, "percent_covered": 100.0, "percent_covered_display": "100", "missing_lines": 0, "excluded_lines": 2, "percent_statements_covered": 100.0, "percent_statements_covered_display": "100"}, "missing_lines": [], "excluded_lines": [10, 11], "start_line": 1}}}, "app/schemas/__init__.py": {"executed_lines": [3, 9, 10, 11, 18, 26], "summary": {"covered_lines": 6, "num_statements": 6, "percent_covered": 100.0, "percent_covered_display": "100", "missing_lines": 0, "excluded_lines": 0, "percent_statements_covered": 100.0, "percent_statements_covered_display": "100"}, "missing_lines": [], "excluded_lines": [], "functions": {"": {"executed_lines": [3, 9, 10, 11, 18, 26], "summary": {"covered_lines": 6, "num_statements": 6, "percent_covered": 100.0, "percent_covered_display": "100", "missing_lines": 0, "excluded_lines": 0, "percent_statements_covered": 100.0, "percent_statements_covered_display": "100"}, "missing_lines": [], "excluded_lines": [], "start_line": 1}}, "classes": {"": {"executed_lines": [3, 9, 10, 11, 18, 26], "summary": {"covered_lines": 6, "num_statements": 6, "percent_covered": 100.0, "percent_covered_display": "100", "missing_lines": 0, "excluded_lines": 0, "percent_statements_covered": 100.0, "percent_statements_covered_display": "100"}, "missing_lines": [], "excluded_lines": [], "start_line": 1}}}, "app/schemas/analysis.py": {"executed_lines": [3, 4, 5, 7, 10, 13, 15, 16, 17, 18, 19, 20, 21, 24, 27, 28, 29, 34, 37, 38, 43, 46, 47, 48, 51, 54, 55, 58, 61, 64, 67, 72, 75, 78, 81, 84, 89, 92, 93, 94, 95, 100, 103, 106, 109, 114, 117, 119, 120, 121, 122, 126, 127, 128, 129, 132, 135, 136, 137, 138, 139], "summary": {"covered_lines": 61, "num_statements": 61, "percent_covered": 100.0, "percent_covered_display": "100", "missing_lines": 0, "excluded_lines": 0, "percent_statements_covered": 100.0, "percent_statements_covered_display": "100"}, "missing_lines": [], "excluded_lines": [], "functions": {"": {"executed_lines": [3, 4, 5, 7, 10, 13, 15, 16, 17, 18, 19, 20, 21, 24, 27, 28, 29, 34, 37, 38, 43, 46, 47, 48, 51, 54, 55, 58, 61, 64, 67, 72, 75, 78, 81, 84, 89, 92, 93, 94, 95, 100, 103, 106, 109, 114, 117, 119, 120, 121, 122, 126, 127, 128, 129, 132, 135, 136, 137, 138, 139], "summary": {"covered_lines": 61, "num_statements": 61, "percent_covered": 100.0, "percent_covered_display": "100", "missing_lines": 0, "excluded_lines": 0, "percent_statements_covered": 100.0, "percent_statements_covered_display": "100"}, "missing_lines": [], "excluded_lines": [], "start_line": 1}}, "classes": {"AnalysisResponse": {"executed_lines": [], "summary": {"covered_lines": 0, "num_statements": 0, "percent_covered": 100.0, "percent_covered_display": "100", "missing_lines": 0, "excluded_lines": 0, "percent_statements_covered": 100.0, "percent_statements_covered_display": "100"}, "missing_lines": [], "excluded_lines": [], "start_line": 10}, "AnalysisOverviewResponse": {"executed_lines": [], "summary": {"covered_lines": 0, "num_statements": 0, "percent_covered": 100.0, "percent_covered_display": "100", "missing_lines": 0, "excluded_lines": 0, "percent_statements_covered": 100.0, "percent_statements_covered_display": "100"}, "missing_lines": [], "excluded_lines": [], "start_line": 24}, "ArchitectureInfo": {"executed_lines": [], "summary": {"covered_lines": 0, "num_statements": 0, "percent_covered": 100.0, "percent_covered_display": "100", "missing_lines": 0, "excluded_lines": 0, "percent_statements_covered": 100.0, "percent_statements_covered_display": "100"}, "missing_lines": [], "excluded_lines": [], "start_line": 34}, "TechnicalDetail": {"executed_lines": [], "summary": {"covered_lines": 0, "num_statements": 0, "percent_covered": 100.0, "percent_covered_display": "100", "missing_lines": 0, "excluded_lines": 0, "percent_statements_covered": 100.0, "percent_statements_covered_display": "100"}, "missing_lines": [], "excluded_lines": [], "start_line": 43}, "DataFlow": {"executed_lines": [], "summary": {"covered_lines": 0, "num_statements": 0, "percent_covered": 100.0, "percent_covered_display": "100", "missing_lines": 0, "excluded_lines": 0, "percent_statements_covered": 100.0, "percent_statements_covered_display": "100"}, "missing_lines": [], "excluded_lines": [], "start_line": 51}, "AnalysisImplementationResponse": {"executed_lines": [], "summary": {"covered_lines": 0, "num_statements": 0, "percent_covered": 100.0, "percent_covered_display": "100", "missing_lines": 0, "excluded_lines": 0, "percent_statements_covered": 100.0, "percent_statements_covered_display": "100"}, "missing_lines": [], "excluded_lines": [], "start_line": 58}, "AnalysisRisksResponse": {"executed_lines": [], "summary": {"covered_lines": 0, "num_statements": 0, "percent_covered": 100.0, "percent_covered_display": "100", "missing_lines": 0, "excluded_lines": 0, "percent_statements_covered": 100.0, "percent_statements_covered_display": "100"}, "missing_lines": [], "excluded_lines": [], "start_line": 72}, "ImprovementItem": {"executed_lines": [], "summary": {"covered_lines": 0, "num_statements": 0, "percent_covered": 100.0, "percent_covered_display": "100", "missing_lines": 0, "excluded_lines": 0, "percent_statements_covered": 100.0, "percent_statements_covered_display": "100"}, "missing_lines": [], "excluded_lines": [], "start_line": 89}, "AnalysisRecommendationsResponse": {"executed_lines": [], "summary": {"covered_lines": 0, "num_statements": 0, "percent_covered": 100.0, "percent_covered_display": "100", "missing_lines": 0, "excluded_lines": 0, "percent_statements_covered": 100.0, "percent_statements_covered_display": "100"}, "missing_lines": [], "excluded_lines": [], "start_line": 100}, "AnalysisDetailResponse": {"executed_lines": [], "summary": {"covered_lines": 0, "num_statements": 0, "percent_covered": 100.0, "percent_covered_display": "100", "missing_lines": 0, "excluded_lines": 0, "percent_statements_covered": 100.0, "percent_statements_covered_display": "100"}, "missing_lines": [], "excluded_lines": [], "start_line": 114}, "AnalysisErrorResponse": {"executed_lines": [], "summary": {"covered_lines": 0, "num_statements": 0, "percent_covered": 100.0, "percent_covered_display": "100", "missing_lines": 0, "excluded_lines": 0, "percent_statements_covered": 100.0, "percent_statements_covered_display": "100"}, "missing_lines": [], "excluded_lines": [], "start_line": 132}, "": {"executed_lines": [3, 4, 5, 7, 10, 13, 15, 16, 17, 18, 19, 20, 21, 24, 27, 28, 29, 34, 37, 38, 43, 46, 47, 48, 51, 54, 55, 58, 61, 64, 67, 72, 75, 78, 81, 84, 89, 92, 93, 94, 95, 100, 103, 106, 109, 114, 117, 119, 120, 121, 122, 126, 127, 128, 129, 132, 135, 136, 137, 138, 139], "summary": {"covered_lines": 61, "num_statements": 61, "percent_covered": 100.0, "percent_covered_display": "100", "missing_lines": 0, "excluded_lines": 0, "percent_statements_covered": 100.0, "percent_statements_covered_display": "100"}, "missing_lines": [], "excluded_lines": [], "start_line": 1}}}, "app/schemas/brainstorm.py": {"executed_lines": [2, 3, 4, 7, 10, 11, 14, 17, 18, 19, 22, 25, 26, 27, 28, 29, 30, 32, 35, 38, 39, 40, 41, 42, 43, 44, 46, 49, 52], "summary": {"covered_lines": 29, "num_statements": 29, "percent_covered": 100.0, "percent_covered_display": "100", "missing_lines": 0, "excluded_lines": 0, "percent_statements_covered": 100.0, "percent_statements_covered_display": "100"}, "missing_lines": [], "excluded_lines": [], "functions": {"": {"executed_lines": [2, 3, 4, 7, 10, 11, 14, 17, 18, 19, 22, 25, 26, 27, 28, 29, 30, 32, 35, 38, 39, 40, 41, 42, 43, 44, 46, 49, 52], "summary": {"covered_lines": 29, "num_statements": 29, "percent_covered": 100.0, "percent_covered_display": "100", "missing_lines": 0, "excluded_lines": 0, "percent_statements_covered": 100.0, "percent_statements_covered_display": "100"}, "missing_lines": [], "excluded_lines": [], "start_line": 1}}, "classes": {"BrainstormSessionCreate": {"executed_lines": [], "summary": {"covered_lines": 0, "num_statements": 0, "percent_covered": 100.0, "percent_covered_display": "100", "missing_lines": 0, "excluded_lines": 0, "percent_statements_covered": 100.0, "percent_statements_covered_display": "100"}, "missing_lines": [], "excluded_lines": [], "start_line": 7}, "BrainstormSessionUpdate": {"executed_lines": [], "summary": {"covered_lines": 0, "num_statements": 0, "percent_covered": 100.0, "percent_covered_display": "100", "missing_lines": 0, "excluded_lines": 0, "percent_statements_covered": 100.0, "percent_statements_covered_display": "100"}, "missing_lines": [], "excluded_lines": [], "start_line": 14}, "BrainstormMessageResponse": {"executed_lines": [], "summary": {"covered_lines": 0, "num_statements": 0, "percent_covered": 100.0, "percent_covered_display": "100", "missing_lines": 0, "excluded_lines": 0, "percent_statements_covered": 100.0, "percent_statements_covered_display": "100"}, "missing_lines": [], "excluded_lines": [], "start_line": 22}, "BrainstormSessionResponse": {"executed_lines": [], "summary": {"covered_lines": 0, "num_statements": 0, "percent_covered": 100.0, "percent_covered_display": "100", "missing_lines": 0, "excluded_lines": 0, "percent_statements_covered": 100.0, "percent_statements_covered_display": "100"}, "missing_lines": [], "excluded_lines": [], "start_line": 35}, "BrainstormMessageCreate": {"executed_lines": [], "summary": {"covered_lines": 0, "num_statements": 0, "percent_covered": 100.0, "percent_covered_display": "100", "missing_lines": 0, "excluded_lines": 0, "percent_statements_covered": 100.0, "percent_statements_covered_display": "100"}, "missing_lines": [], "excluded_lines": [], "start_line": 49}, "": {"executed_lines": [2, 3, 4, 7, 10, 11, 14, 17, 18, 19, 22, 25, 26, 27, 28, 29, 30, 32, 35, 38, 39, 40, 41, 42, 43, 44, 46, 49, 52], "summary": {"covered_lines": 29, "num_statements": 29, "percent_covered": 100.0, "percent_covered_display": "100", "missing_lines": 0, "excluded_lines": 0, "percent_statements_covered": 100.0, "percent_statements_covered_display": "100"}, "missing_lines": [], "excluded_lines": [], "start_line": 1}}}, "app/schemas/feature.py": {"executed_lines": [3, 4, 5, 7, 9, 12, 15, 16, 17, 20, 23, 26, 29, 30, 31, 32, 35, 38, 40, 41, 42, 43, 44, 45], "summary": {"covered_lines": 24, "num_statements": 24, "percent_covered": 100.0, "percent_covered_display": "100", "missing_lines": 0, "excluded_lines": 0, "percent_statements_covered": 100.0, "percent_statements_covered_display": "100"}, "missing_lines": [], "excluded_lines": [], "functions": {"": {"executed_lines": [3, 4, 5, 7, 9, 12, 15, 16, 17, 20, 23, 26, 29, 30, 31, 32, 35, 38, 40, 41, 42, 43, 44, 45], "summary": {"covered_lines": 24, "num_statements": 24, "percent_covered": 100.0, "percent_covered_display": "100", "missing_lines": 0, "excluded_lines": 0, "percent_statements_covered": 100.0, "percent_statements_covered_display": "100"}, "missing_lines": [], "excluded_lines": [], "start_line": 1}}, "classes": {"FeatureBase": {"executed_lines": [], "summary": {"covered_lines": 0, "num_statements": 0, "percent_covered": 100.0, "percent_covered_display": "100", "missing_lines": 0, "excluded_lines": 0, "percent_statements_covered": 100.0, "percent_statements_covered_display": "100"}, "missing_lines": [], "excluded_lines": [], "start_line": 12}, "FeatureCreate": {"executed_lines": [], "summary": {"covered_lines": 0, "num_statements": 0, "percent_covered": 100.0, "percent_covered_display": "100", "missing_lines": 0, "excluded_lines": 0, "percent_statements_covered": 100.0, "percent_statements_covered_display": "100"}, "missing_lines": [], "excluded_lines": [], "start_line": 20}, "FeatureUpdate": {"executed_lines": [], "summary": {"covered_lines": 0, "num_statements": 0, "percent_covered": 100.0, "percent_covered_display": "100", "missing_lines": 0, "excluded_lines": 0, "percent_statements_covered": 100.0, "percent_statements_covered_display": "100"}, "missing_lines": [], "excluded_lines": [], "start_line": 26}, "FeatureResponse": {"executed_lines": [], "summary": {"covered_lines": 0, "num_statements": 0, "percent_covered": 100.0, "percent_covered_display": "100", "missing_lines": 0, "excluded_lines": 0, "percent_statements_covered": 100.0, "percent_statements_covered_display": "100"}, "missing_lines": [], "excluded_lines": [], "start_line": 35}, "": {"executed_lines": [3, 4, 5, 7, 9, 12, 15, 16, 17, 20, 23, 26, 29, 30, 31, 32, 35, 38, 40, 41, 42, 43, 44, 45], "summary": {"covered_lines": 24, "num_statements": 24, "percent_covered": 100.0, "percent_covered_display": "100", "missing_lines": 0, "excluded_lines": 0, "percent_statements_covered": 100.0, "percent_statements_covered_display": "100"}, "missing_lines": [], "excluded_lines": [], "start_line": 1}}}, "app/schemas/idea.py": {"executed_lines": [2, 3, 6, 9, 10, 11, 14, 17, 18, 19, 22, 23, 24, 25, 26, 27, 30, 33, 34, 35, 36, 37, 38, 39, 40, 41, 42, 43, 44, 46, 49, 52, 53, 54, 57, 60, 63, 66, 67, 68], "summary": {"covered_lines": 40, "num_statements": 40, "percent_covered": 100.0, "percent_covered_display": "100", "missing_lines": 0, "excluded_lines": 0, "percent_statements_covered": 100.0, "percent_statements_covered_display": "100"}, "missing_lines": [], "excluded_lines": [], "functions": {"": {"executed_lines": [2, 3, 6, 9, 10, 11, 14, 17, 18, 19, 22, 23, 24, 25, 26, 27, 30, 33, 34, 35, 36, 37, 38, 39, 40, 41, 42, 43, 44, 46, 49, 52, 53, 54, 57, 60, 63, 66, 67, 68], "summary": {"covered_lines": 40, "num_statements": 40, "percent_covered": 100.0, "percent_covered_display": "100", "missing_lines": 0, "excluded_lines": 0, "percent_statements_covered": 100.0, "percent_statements_covered_display": "100"}, "missing_lines": [], "excluded_lines": [], "start_line": 1}}, "classes": {"IdeaCreate": {"executed_lines": [], "summary": {"covered_lines": 0, "num_statements": 0, "percent_covered": 100.0, "percent_covered_display": "100", "missing_lines": 0, "excluded_lines": 0, "percent_statements_covered": 100.0, "percent_statements_covered_display": "100"}, "missing_lines": [], "excluded_lines": [], "start_line": 6}, "IdeaUpdate": {"executed_lines": [], "summary": {"covered_lines": 0, "num_statements": 0, "percent_covered": 100.0, "percent_covered_display": "100", "missing_lines": 0, "excluded_lines": 0, "percent_statements_covered": 100.0, "percent_statements_covered_display": "100"}, "missing_lines": [], "excluded_lines": [], "start_line": 14}, "IdeaResponse": {"executed_lines": [], "summary": {"covered_lines": 0, "num_statements": 0, "percent_covered": 100.0, "percent_covered_display": "100", "missing_lines": 0, "excluded_lines": 0, "percent_statements_covered": 100.0, "percent_statements_covered_display": "100"}, "missing_lines": [], "excluded_lines": [], "start_line": 30}, "IdeaEvaluationRequest": {"executed_lines": [], "summary": {"covered_lines": 0, "num_statements": 0, "percent_covered": 100.0, "percent_covered_display": "100", "missing_lines": 0, "excluded_lines": 0, "percent_statements_covered": 100.0, "percent_statements_covered_display": "100"}, "missing_lines": [], "excluded_lines": [], "start_line": 49}, "IdeaEvaluationResponse": {"executed_lines": [], "summary": {"covered_lines": 0, "num_statements": 0, "percent_covered": 100.0, "percent_covered_display": "100", "missing_lines": 0, "excluded_lines": 0, "percent_statements_covered": 100.0, "percent_statements_covered_display": "100"}, "missing_lines": [], "excluded_lines": [], "start_line": 57}, "": {"executed_lines": [2, 3, 6, 9, 10, 11, 14, 17, 18, 19, 22, 23, 24, 25, 26, 27, 30, 33, 34, 35, 36, 37, 38, 39, 40, 41, 42, 43, 44, 46, 49, 52, 53, 54, 57, 60, 63, 66, 67, 68], "summary": {"covered_lines": 40, "num_statements": 40, "percent_covered": 100.0, "percent_covered_display": "100", "missing_lines": 0, "excluded_lines": 0, "percent_statements_covered": 100.0, "percent_statements_covered_display": "100"}, "missing_lines": [], "excluded_lines": [], "start_line": 1}}}, "app/schemas/webhook.py": {"executed_lines": [3, 4, 7, 13, 16, 19, 22, 25, 28, 31, 34, 39, 40, 41, 46, 50, 53], "summary": {"covered_lines": 17, "num_statements": 17, "percent_covered": 100.0, "percent_covered_display": "100", "missing_lines": 0, "excluded_lines": 0, "percent_statements_covered": 100.0, "percent_statements_covered_display": "100"}, "missing_lines": [], "excluded_lines": [], "functions": {"": {"executed_lines": [3, 4, 7, 13, 16, 19, 22, 25, 28, 31, 34, 39, 40, 41, 46, 50, 53], "summary": {"covered_lines": 17, "num_statements": 17, "percent_covered": 100.0, "percent_covered_display": "100", "missing_lines": 0, "excluded_lines": 0, "percent_statements_covered": 100.0, "percent_statements_covered_display": "100"}, "missing_lines": [], "excluded_lines": [], "start_line": 1}}, "classes": {"AnalysisResultWebhook": {"executed_lines": [], "summary": {"covered_lines": 0, "num_statements": 0, "percent_covered": 100.0, "percent_covered_display": "100", "missing_lines": 0, "excluded_lines": 0, "percent_statements_covered": 100.0, "percent_statements_covered_display": "100"}, "missing_lines": [], "excluded_lines": [], "start_line": 7}, "AnalysisResultWebhook.Config": {"executed_lines": [], "summary": {"covered_lines": 0, "num_statements": 0, "percent_covered": 100.0, "percent_covered_display": "100", "missing_lines": 0, "excluded_lines": 0, "percent_statements_covered": 100.0, "percent_statements_covered_display": "100"}, "missing_lines": [], "excluded_lines": [], "start_line": 50}, "": {"executed_lines": [3, 4, 7, 13, 16, 19, 22, 25, 28, 31, 34, 39, 40, 41, 46, 50, 53], "summary": {"covered_lines": 17, "num_statements": 17, "percent_covered": 100.0, "percent_covered_display": "100", "missing_lines": 0, "excluded_lines": 0, "percent_statements_covered": 100.0, "percent_statements_covered_display": "100"}, "missing_lines": [], "excluded_lines": [], "start_line": 1}}}, "app/services/__init__.py": {"executed_lines": [2, 4], "summary": {"covered_lines": 2, "num_statements": 2, "percent_covered": 100.0, "percent_covered_display": "100", "missing_lines": 0, "excluded_lines": 0, "percent_statements_covered": 100.0, "percent_statements_covered_display": "100"}, "missing_lines": [], "excluded_lines": [], "functions": {"": {"executed_lines": [2, 4], "summary": {"covered_lines": 2, "num_statements": 2, "percent_covered": 100.0, "percent_covered_display": "100", "missing_lines": 0, "excluded_lines": 0, "percent_statements_covered": 100.0, "percent_statements_covered_display": "100"}, "missing_lines": [], "excluded_lines": [], "start_line": 1}}, "classes": {"": {"executed_lines": [2, 4], "summary": {"covered_lines": 2, "num_statements": 2, "percent_covered": 100.0, "percent_covered_display": "100", "missing_lines": 0, "excluded_lines": 0, "percent_statements_covered": 100.0, "percent_statements_covered_display": "100"}, "missing_lines": [], "excluded_lines": [], "start_line": 1}}}, "app/services/agent_factory.py": {"executed_lines": [2, 3, 4, 5, 7, 8, 10, 11, 13, 16, 19, 20, 21, 23, 44, 47, 49, 50, 52, 53, 56, 61, 64, 71, 73, 75, 84, 87, 89, 90, 92, 104, 113, 115, 116, 118, 119, 121], "summary": {"covered_lines": 38, "num_statements": 38, "percent_covered": 100.0, "percent_covered_display": "100", "missing_lines": 0, "excluded_lines": 0, "percent_statements_covered": 100.0, "percent_statements_covered_display": "100"}, "missing_lines": [], "excluded_lines": [], "functions": {"AgentFactory.__init__": {"executed_lines": [20, 21], "summary": {"covered_lines": 2, "num_statements": 2, "percent_covered": 100.0, "percent_covered_display": "100", "missing_lines": 0, "excluded_lines": 0, "percent_statements_covered": 100.0, "percent_statements_covered_display": "100"}, "missing_lines": [], "excluded_lines": [], "start_line": 19}, "AgentFactory.create_agent_client": {"executed_lines": [44, 47, 49, 50, 52, 53, 56, 61, 64, 71, 73], "summary": {"covered_lines": 11, "num_statements": 11, "percent_covered": 100.0, "percent_covered_display": "100", "missing_lines": 0, "excluded_lines": 0, "percent_statements_covered": 100.0, "percent_statements_covered_display": "100"}, "missing_lines": [], "excluded_lines": [], "start_line": 23}, "AgentFactory.get_agent_config": {"executed_lines": [84, 87, 89, 90, 92], "summary": {"covered_lines": 5, "num_statements": 5, "percent_covered": 100.0, "percent_covered_display": "100", "missing_lines": 0, "excluded_lines": 0, "percent_statements_covered": 100.0, "percent_statements_covered_display": "100"}, "missing_lines": [], "excluded_lines": [], "start_line": 75}, "AgentFactory.list_available_agents": {"executed_lines": [113, 115, 116, 118, 119, 121], "summary": {"covered_lines": 6, "num_statements": 6, "percent_covered": 100.0, "percent_covered_display": "100", "missing_lines": 0, "excluded_lines": 0, "percent_statements_covered": 100.0, "percent_statements_covered_display": "100"}, "missing_lines": [], "excluded_lines": [], "start_line": 104}, "": {"executed_lines": [2, 3, 4, 5, 7, 8, 10, 11, 13, 16, 19, 23, 75, 104], "summary": {"covered_lines": 14, "num_statements": 14, "percent_covered": 100.0, "percent_covered_display": "100", "missing_lines": 0, "excluded_lines": 0, "percent_statements_covered": 100.0, "percent_statements_covered_display": "100"}, "missing_lines": [], "excluded_lines": [], "start_line": 1}}, "classes": {"AgentFactory": {"executed_lines": [20, 21, 44, 47, 49, 50, 52, 53, 56, 61, 64, 71, 73, 84, 87, 89, 90, 92, 113, 115, 116, 118, 119, 121], "summary": {"covered_lines": 24, "num_statements": 24, "percent_covered": 100.0, "percent_covered_display": "100", "missing_lines": 0, "excluded_lines": 0, "percent_statements_covered": 100.0, "percent_statements_covered_display": "100"}, "missing_lines": [], "excluded_lines": [], "start_line": 16}, "": {"executed_lines": [2, 3, 4, 5, 7, 8, 10, 11, 13, 16, 19, 23, 75, 104], "summary": {"covered_lines": 14, "num_statements": 14, "percent_covered": 100.0, "percent_covered_display": "100", "missing_lines": 0, "excluded_lines": 0, "percent_statements_covered": 100.0, "percent_statements_covered_display": "100"}, "missing_lines": [], "excluded_lines": [], "start_line": 1}}}, "app/services/brainstorming_service.py": {"executed_lines": [2, 3, 4, 5, 6, 11, 14, 17, 268, 283, 284, 285, 286, 287, 288, 289, 292, 293, 295, 297, 298, 299, 301, 303, 304, 307, 308, 312, 314, 315, 316, 317, 318, 320, 331, 332, 334, 335, 336, 339, 340, 341, 342, 343, 344, 348, 349, 352, 353, 354, 357, 358, 359, 360, 361, 362, 365, 370, 371, 387, 391, 393, 394, 395, 397, 400, 406, 412, 417], "summary": {"covered_lines": 69, "num_statements": 99, "percent_covered": 69.6969696969697, "percent_covered_display": "70", "missing_lines": 30, "excluded_lines": 2, "percent_statements_covered": 69.6969696969697, "percent_statements_covered_display": "70"}, "missing_lines": [346, 366, 367, 372, 373, 374, 375, 376, 378, 379, 380, 381, 382, 383, 384, 385, 386, 388, 389, 390, 398, 402, 403, 404, 408, 409, 410, 414, 415, 419], "excluded_lines": [8, 9], "functions": {"BrainstormingService.__init__": {"executed_lines": [283, 284, 285, 286, 287, 288, 289, 292, 293], "summary": {"covered_lines": 9, "num_statements": 9, "percent_covered": 100.0, "percent_covered_display": "100", "missing_lines": 0, "excluded_lines": 0, "percent_statements_covered": 100.0, "percent_statements_covered_display": "100"}, "missing_lines": [], "excluded_lines": [], "start_line": 268}, "BrainstormingService._ensure_connected": {"executed_lines": [297, 298, 299, 301, 303, 304, 307, 308, 312, 314, 315, 316, 317, 318], "summary": {"covered_lines": 14, "num_statements": 14, "percent_covered": 100.0, "percent_covered_display": "100", "missing_lines": 0, "excluded_lines": 0, "percent_statements_covered": 100.0, "percent_statements_covered_display": "100"}, "missing_lines": [], "excluded_lines": [], "start_line": 295}, "BrainstormingService.stream_brainstorm_message": {"executed_lines": [331, 332, 334, 335, 336, 339, 340, 341, 342, 343, 344, 348, 349, 352, 353, 354, 357, 358, 359, 360, 361, 362, 365, 370, 371, 387, 391, 393, 394, 395, 397, 400], "summary": {"covered_lines": 32, "num_statements": 56, "percent_covered": 57.142857142857146, "percent_covered_display": "57", "missing_lines": 24, "excluded_lines": 0, "percent_statements_covered": 57.142857142857146, "percent_statements_covered_display": "57"}, "missing_lines": [346, 366, 367, 372, 373, 374, 375, 376, 378, 379, 380, 381, 382, 383, 384, 385, 386, 388, 389, 390, 398, 402, 403, 404], "excluded_lines": [], "start_line": 320}, "BrainstormingService.close": {"executed_lines": [], "summary": {"covered_lines": 0, "num_statements": 3, "percent_covered": 0.0, "percent_covered_display": "0", "missing_lines": 3, "excluded_lines": 0, "percent_statements_covered": 0.0, "percent_statements_covered_display": "0"}, "missing_lines": [408, 409, 410], "excluded_lines": [], "start_line": 406}, "BrainstormingService.__aenter__": {"executed_lines": [], "summary": {"covered_lines": 0, "num_statements": 2, "percent_covered": 0.0, "percent_covered_display": "0", "missing_lines": 2, "excluded_lines": 0, "percent_statements_covered": 0.0, "percent_statements_covered_display": "0"}, "missing_lines": [414, 415], "excluded_lines": [], "start_line": 412}, "BrainstormingService.__aexit__": {"executed_lines": [], "summary": {"covered_lines": 0, "num_statements": 1, "percent_covered": 0.0, "percent_covered_display": "0", "missing_lines": 1, "excluded_lines": 0, "percent_statements_covered": 0.0, "percent_statements_covered_display": "0"}, "missing_lines": [419], "excluded_lines": [], "start_line": 417}, "": {"executed_lines": [2, 3, 4, 5, 6, 11, 14, 17, 268, 295, 320, 406, 412, 417], "summary": {"covered_lines": 14, "num_statements": 14, "percent_covered": 100.0, "percent_covered_display": "100", "missing_lines": 0, "excluded_lines": 2, "percent_statements_covered": 100.0, "percent_statements_covered_display": "100"}, "missing_lines": [], "excluded_lines": [8, 9], "start_line": 1}}, "classes": {"BrainstormingService": {"executed_lines": [283, 284, 285, 286, 287, 288, 289, 292, 293, 297, 298, 299, 301, 303, 304, 307, 308, 312, 314, 315, 316, 317, 318, 331, 332, 334, 335, 336, 339, 340, 341, 342, 343, 344, 348, 349, 352, 353, 354, 357, 358, 359, 360, 361, 362, 365, 370, 371, 387, 391, 393, 394, 395, 397, 400], "summary": {"covered_lines": 55, "num_statements": 85, "percent_covered": 64.70588235294117, "percent_covered_display": "65", "missing_lines": 30, "excluded_lines": 0, "percent_statements_covered": 64.70588235294117, "percent_statements_covered_display": "65"}, "missing_lines": [346, 366, 367, 372, 373, 374, 375, 376, 378, 379, 380, 381, 382, 383, 384, 385, 386, 388, 389, 390, 398, 402, 403, 404, 408, 409, 410, 414, 415, 419], "excluded_lines": [], "start_line": 14}, "": {"executed_lines": [2, 3, 4, 5, 6, 11, 14, 17, 268, 295, 320, 406, 412, 417], "summary": {"covered_lines": 14, "num_statements": 14, "percent_covered": 100.0, "percent_covered_display": "100", "missing_lines": 0, "excluded_lines": 2, "percent_statements_covered": 100.0, "percent_statements_covered_display": "100"}, "missing_lines": [], "excluded_lines": [8, 9], "start_line": 1}}}, "app/services/github_service.py": {"executed_lines": [8, 9, 10, 11, 12, 13, 15, 17, 20, 23, 26, 33, 34, 35, 37, 44, 45, 46, 49, 50, 52, 53, 56, 66, 70, 74, 78, 99, 101, 107, 110, 115, 116, 117, 118, 119, 120, 129, 130, 133, 135, 144, 145, 149, 150, 151, 152, 154, 157, 163, 175, 177, 178, 179, 180, 182, 183, 186, 187, 188, 189, 191, 193, 194, 195, 201, 218, 221, 223, 224, 225, 226, 228, 229, 230, 233, 234, 235, 236, 237, 239, 247, 248, 250, 253, 256, 258, 264, 276, 277, 278, 280, 281, 285, 286, 287], "summary": {"covered_lines": 96, "num_statements": 119, "percent_covered": 80.67226890756302, "percent_covered_display": "81", "missing_lines": 23, "excluded_lines": 0, "percent_statements_covered": 80.67226890756302, "percent_statements_covered_display": "81"}, "missing_lines": [51, 68, 72, 76, 108, 123, 124, 125, 155, 159, 160, 161, 196, 197, 241, 242, 259, 260, 282, 289, 290, 291, 292], "excluded_lines": [], "functions": {"GitHubService.__init__": {"executed_lines": [44, 45, 46, 49, 50, 52, 53, 56], "summary": {"covered_lines": 8, "num_statements": 9, "percent_covered": 88.88888888888889, "percent_covered_display": "89", "missing_lines": 1, "excluded_lines": 0, "percent_statements_covered": 88.88888888888889, "percent_statements_covered_display": "89"}, "missing_lines": [51], "excluded_lines": [], "start_line": 37}, "GitHubService.close": {"executed_lines": [], "summary": {"covered_lines": 0, "num_statements": 1, "percent_covered": 0.0, "percent_covered_display": "0", "missing_lines": 1, "excluded_lines": 0, "percent_statements_covered": 0.0, "percent_statements_covered_display": "0"}, "missing_lines": [68], "excluded_lines": [], "start_line": 66}, "GitHubService.__aenter__": {"executed_lines": [], "summary": {"covered_lines": 0, "num_statements": 1, "percent_covered": 0.0, "percent_covered_display": "0", "missing_lines": 1, "excluded_lines": 0, "percent_statements_covered": 0.0, "percent_statements_covered_display": "0"}, "missing_lines": [72], "excluded_lines": [], "start_line": 70}, "GitHubService.__aexit__": {"executed_lines": [], "summary": {"covered_lines": 0, "num_statements": 1, "percent_covered": 0.0, "percent_covered_display": "0", "missing_lines": 1, "excluded_lines": 0, "percent_statements_covered": 0.0, "percent_statements_covered_display": "0"}, "missing_lines": [76], "excluded_lines": [], "start_line": 74}, "GitHubService.trigger_analysis_workflow": {"executed_lines": [99, 101, 107, 110, 115, 116, 117, 118, 119, 120, 129, 130, 133], "summary": {"covered_lines": 13, "num_statements": 17, "percent_covered": 76.47058823529412, "percent_covered_display": "76", "missing_lines": 4, "excluded_lines": 0, "percent_statements_covered": 76.47058823529412, "percent_statements_covered_display": "76"}, "missing_lines": [108, 123, 124, 125], "excluded_lines": [], "start_line": 78}, "GitHubService._get_latest_workflow_run_id": {"executed_lines": [144, 145, 149, 150, 151, 152, 154, 157], "summary": {"covered_lines": 8, "num_statements": 12, "percent_covered": 66.66666666666667, "percent_covered_display": "67", "missing_lines": 4, "excluded_lines": 0, "percent_statements_covered": 66.66666666666667, "percent_statements_covered_display": "67"}, "missing_lines": [155, 159, 160, 161], "excluded_lines": [], "start_line": 135}, "GitHubService.get_workflow_run_status": {"executed_lines": [175, 177, 178, 179, 180, 182, 183, 186, 187, 188, 189, 191, 193, 194, 195], "summary": {"covered_lines": 15, "num_statements": 17, "percent_covered": 88.23529411764706, "percent_covered_display": "88", "missing_lines": 2, "excluded_lines": 0, "percent_statements_covered": 88.23529411764706, "percent_statements_covered_display": "88"}, "missing_lines": [196, 197], "excluded_lines": [], "start_line": 163}, "GitHubService.download_workflow_artifact": {"executed_lines": [218, 221, 223, 224, 225, 226, 228, 229, 230, 233, 234, 235, 236, 237, 239, 247, 248, 250, 253, 256, 258], "summary": {"covered_lines": 21, "num_statements": 25, "percent_covered": 84.0, "percent_covered_display": "84", "missing_lines": 4, "excluded_lines": 0, "percent_statements_covered": 84.0, "percent_statements_covered_display": "84"}, "missing_lines": [241, 242, 259, 260], "excluded_lines": [], "start_line": 201}, "GitHubService._parse_artifact_zip": {"executed_lines": [276, 277, 278, 280, 281, 285, 286, 287], "summary": {"covered_lines": 8, "num_statements": 13, "percent_covered": 61.53846153846154, "percent_covered_display": "62", "missing_lines": 5, "excluded_lines": 0, "percent_statements_covered": 61.53846153846154, "percent_statements_covered_display": "62"}, "missing_lines": [282, 289, 290, 291, 292], "excluded_lines": [], "start_line": 264}, "": {"executed_lines": [8, 9, 10, 11, 12, 13, 15, 17, 20, 23, 26, 33, 34, 35, 37, 66, 70, 74, 78, 135, 163, 201, 264], "summary": {"covered_lines": 23, "num_statements": 23, "percent_covered": 100.0, "percent_covered_display": "100", "missing_lines": 0, "excluded_lines": 0, "percent_statements_covered": 100.0, "percent_statements_covered_display": "100"}, "missing_lines": [], "excluded_lines": [], "start_line": 1}}, "classes": {"GitHubServiceError": {"executed_lines": [], "summary": {"covered_lines": 0, "num_statements": 0, "percent_covered": 100.0, "percent_covered_display": "100", "missing_lines": 0, "excluded_lines": 0, "percent_statements_covered": 100.0, "percent_statements_covered_display": "100"}, "missing_lines": [], "excluded_lines": [], "start_line": 20}, "GitHubService": {"executed_lines": [44, 45, 46, 49, 50, 52, 53, 56, 99, 101, 107, 110, 115, 116, 117, 118, 119, 120, 129, 130, 133, 144, 145, 149, 150, 151, 152, 154, 157, 175, 177, 178, 179, 180, 182, 183, 186, 187, 188, 189, 191, 193, 194, 195, 218, 221, 223, 224, 225, 226, 228, 229, 230, 233, 234, 235, 236, 237, 239, 247, 248, 250, 253, 256, 258, 276, 277, 278, 280, 281, 285, 286, 287], "summary": {"covered_lines": 73, "num_statements": 96, "percent_covered": 76.04166666666667, "percent_covered_display": "76", "missing_lines": 23, "excluded_lines": 0, "percent_statements_covered": 76.04166666666667, "percent_statements_covered_display": "76"}, "missing_lines": [51, 68, 72, 76, 108, 123, 124, 125, 155, 159, 160, 161, 196, 197, 241, 242, 259, 260, 282, 289, 290, 291, 292], "excluded_lines": [], "start_line": 26}, "": {"executed_lines": [8, 9, 10, 11, 12, 13, 15, 17, 20, 23, 26, 33, 3
[...]
41, 143, 144, 147, 148, 149, 153, 154, 157, 165, 166, 170, 172, 175], "summary": {"covered_lines": 40, "num_statements": 63, "percent_covered": 63.492063492063494, "percent_covered_display": "63", "missing_lines": 23, "excluded_lines": 0, "percent_statements_covered": 63.492063492063494, "percent_statements_covered_display": "63"}, "missing_lines": [91, 104, 110, 111, 112, 113, 114, 116, 124, 125, 126, 151, 167, 171, 173, 177, 178, 179, 183, 184, 185, 189, 193], "excluded_lines": [], "start_line": 13}, "": {"executed_lines": [2, 3, 4, 5, 6, 7, 8, 10, 13, 16, 36, 57, 63, 128, 181, 187, 191], "summary": {"covered_lines": 17, "num_statements": 17, "percent_covered": 100.0, "percent_covered_display": "100", "missing_lines": 0, "excluded_lines": 0, "percent_statements_covered": 100.0, "percent_statements_covered_display": "100"}, "missing_lines": [], "excluded_lines": [], "start_line": 1}}}, "app/services/polling_service.py": {"executed_lines": [8, 9, 10, 12, 13, 15, 16, 17, 18, 20, 23, 26, 32, 33, 35, 47, 49, 50, 52, 64, 65, 67, 68, 70, 76, 80, 81, 83, 84, 90, 93, 95, 97, 99, 102, 104, 106, 109, 112, 122, 124, 126, 130, 131, 133, 137, 138, 142, 152, 154, 155, 159, 163, 168, 171, 172, 174, 179, 182, 194, 196, 219, 225, 227, 229, 232, 236, 237, 238, 246], "summary": {"covered_lines": 70, "num_statements": 81, "percent_covered": 86.41975308641975, "percent_covered_display": "86", "missing_lines": 11, "excluded_lines": 0, "percent_statements_covered": 86.41975308641975, "percent_statements_covered_display": "86"}, "missing_lines": [77, 78, 134, 200, 201, 204, 207, 217, 230, 239, 240], "excluded_lines": [], "functions": {"AnalysisPollingService.__init__": {"executed_lines": [32, 33], "summary": {"covered_lines": 2, "num_statements": 2, "percent_covered": 100.0, "percent_covered_display": "100", "missing_lines": 0, "excluded_lines": 0, "percent_statements_covered": 100.0, "percent_statements_covered_display": "100"}, "missing_lines": [], "excluded_lines": [], "start_line": 26}, "AnalysisPollingService.get_features_needing_polling": {"executed_lines": [47, 49, 50, 52, 64, 65, 67, 68], "summary": {"covered_lines": 8, "num_statements": 8, "percent_covered": 100.0, "percent_covered_display": "100", "missing_lines": 0, "excluded_lines": 0, "percent_statements_covered": 100.0, "percent_statements_covered_display": "100"}, "missing_lines": [], "excluded_lines": [], "start_line": 35}, "AnalysisPollingService.poll_workflow_status": {"executed_lines": [76, 80, 81, 83, 84, 90, 93, 95, 97, 99, 102, 104, 106, 109, 112, 122, 124, 126, 130, 131, 133, 137, 138], "summary": {"covered_lines": 23, "num_statements": 26, "percent_covered": 88.46153846153847, "percent_covered_display": "88", "missing_lines": 3, "excluded_lines": 0, "percent_statements_covered": 88.46153846153847, "percent_statements_covered_display": "88"}, "missing_lines": [77, 78, 134], "excluded_lines": [], "start_line": 70}, "AnalysisPollingService._process_completed_workflow": {"executed_lines": [152, 154, 155, 159, 163, 168, 171, 172, 174, 179, 182, 194, 196], "summary": {"covered_lines": 13, "num_statements": 18, "percent_covered": 72.22222222222223, "percent_covered_display": "72", "missing_lines": 5, "excluded_lines": 0, "percent_statements_covered": 72.22222222222223, "percent_statements_covered_display": "72"}, "missing_lines": [200, 201, 204, 207, 217], "excluded_lines": [], "start_line": 142}, "AnalysisPollingService.poll_all_analyzing_features": {"executed_lines": [225, 227, 229, 232, 236, 237, 238, 246], "summary": {"covered_lines": 8, "num_statements": 11, "percent_covered": 72.72727272727273, "percent_covered_display": "73", "missing_lines": 3, "excluded_lines": 0, "percent_statements_covered": 72.72727272727273, "percent_statements_covered_display": "73"}, "missing_lines": [230, 239, 240], "excluded_lines": [], "start_line": 219}, "": {"executed_lines": [8, 9, 10, 12, 13, 15, 16, 17, 18, 20, 23, 26, 35, 70, 142, 219], "summary": {"covered_lines": 16, "num_statements": 16, "percent_covered": 100.0, "percent_covered_display": "100", "missing_lines": 0, "excluded_lines": 0, "percent_statements_covered": 100.0, "percent_statements_covered_display": "100"}, "missing_lines": [], "excluded_lines": [], "start_line": 1}}, "classes": {"AnalysisPollingService": {"executed_lines": [32, 33, 47, 49, 50, 52, 64, 65, 67, 68, 76, 80, 81, 83, 84, 90, 93, 95, 97, 99, 102, 104, 106, 109, 112, 122, 124, 126, 130, 131, 133, 137, 138, 152, 154, 155, 159, 163, 168, 171, 172, 174, 179, 182, 194, 196, 225, 227, 229, 232, 236, 237, 238, 246], "summary": {"covered_lines": 54, "num_statements": 65, "percent_covered": 83.07692307692308, "percent_covered_display": "83", "missing_lines": 11, "excluded_lines": 0, "percent_statements_covered": 83.07692307692308, "percent_statements_covered_display": "83"}, "missing_lines": [77, 78, 134, 200, 201, 204, 207, 217, 230, 239, 240], "excluded_lines": [], "start_line": 23}, "": {"executed_lines": [8, 9, 10, 12, 13, 15, 16, 17, 18, 20, 23, 26, 35, 70, 142, 219], "summary": {"covered_lines": 16, "num_statements": 16, "percent_covered": 100.0, "percent_covered_display": "100", "missing_lines": 0, "excluded_lines": 0, "percent_statements_covered": 100.0, "percent_statements_covered_display": "100"}, "missing_lines": [], "excluded_lines": [], "start_line": 1}}}, "app/services/tools_service.py": {"executed_lines": [2, 3, 4, 5, 7, 8, 10, 13, 16, 17, 19, 33, 39, 40, 45, 47, 48, 51, 53, 55, 61, 70, 71, 72, 73, 75, 76, 78, 80, 83, 85, 101, 107, 108, 109, 110, 112, 113, 115, 131, 142, 144, 145, 149, 151, 178, 180, 191, 192, 194], "summary": {"covered_lines": 50, "num_statements": 50, "percent_covered": 100.0, "percent_covered_display": "100", "missing_lines": 0, "excluded_lines": 0, "percent_statements_covered": 100.0, "percent_statements_covered_display": "100"}, "missing_lines": [], "excluded_lines": [], "functions": {"ToolsService.__init__": {"executed_lines": [17], "summary": {"covered_lines": 1, "num_statements": 1, "percent_covered": 100.0, "percent_covered_display": "100", "missing_lines": 0, "excluded_lines": 0, "percent_statements_covered": 100.0, "percent_statements_covered_display": "100"}, "missing_lines": [], "excluded_lines": [], "start_line": 16}, "ToolsService.get_tools_for_agent": {"executed_lines": [33, 39, 40, 45, 47, 48, 51], "summary": {"covered_lines": 7, "num_statements": 7, "percent_covered": 100.0, "percent_covered_display": "100", "missing_lines": 0, "excluded_lines": 0, "percent_statements_covered": 100.0, "percent_statements_covered_display": "100"}, "missing_lines": [], "excluded_lines": [], "start_line": 19}, "ToolsService._tool_to_sdk_format": {"executed_lines": [55], "summary": {"covered_lines": 1, "num_statements": 1, "percent_covered": 100.0, "percent_covered_display": "100", "missing_lines": 0, "excluded_lines": 0, "percent_statements_covered": 100.0, "percent_statements_covered_display": "100"}, "missing_lines": [], "excluded_lines": [], "start_line": 53}, "ToolsService.register_tool": {"executed_lines": [70, 71, 72, 73, 75, 76], "summary": {"covered_lines": 6, "num_statements": 6, "percent_covered": 100.0, "percent_covered_display": "100", "missing_lines": 0, "excluded_lines": 0, "percent_statements_covered": 100.0, "percent_statements_covered_display": "100"}, "missing_lines": [], "excluded_lines": [], "start_line": 61}, "ToolsService.get_tool_by_name": {"executed_lines": [80, 83], "summary": {"covered_lines": 2, "num_statements": 2, "percent_covered": 100.0, "percent_covered_display": "100", "missing_lines": 0, "excluded_lines": 0, "percent_statements_covered": 100.0, "percent_statements_covered_display": "100"}, "missing_lines": [], "excluded_lines": [], "start_line": 78}, "ToolsService.assign_tool_to_agent": {"executed_lines": [101, 107, 108, 109, 110, 112, 113], "summary": {"covered_lines": 7, "num_statements": 7, "percent_covered": 100.0, "percent_covered_display": "100", "missing_lines": 0, "excluded_lines": 0, "percent_statements_covered": 100.0, "percent_statements_covered_display": "100"}, "missing_lines": [], "excluded_lines": [], "start_line": 85}, "ToolsService.check_tool_allowed": {"executed_lines": [131, 142, 144, 145, 149], "summary": {"covered_lines": 5, "num_statements": 5, "percent_covered": 100.0, "percent_covered_display": "100", "missing_lines": 0, "excluded_lines": 0, "percent_statements_covered": 100.0, "percent_statements_covered_display": "100"}, "missing_lines": [], "excluded_lines": [], "start_line": 115}, "ToolsService.audit_tool_usage": {"executed_lines": [178, 180, 191, 192, 194], "summary": {"covered_lines": 5, "num_statements": 5, "percent_covered": 100.0, "percent_covered_display": "100", "missing_lines": 0, "excluded_lines": 0, "percent_statements_covered": 100.0, "percent_statements_covered_display": "100"}, "missing_lines": [], "excluded_lines": [], "start_line": 151}, "": {"executed_lines": [2, 3, 4, 5, 7, 8, 10, 13, 16, 19, 53, 61, 78, 85, 115, 151], "summary": {"covered_lines": 16, "num_statements": 16, "percent_covered": 100.0, "percent_covered_display": "100", "missing_lines": 0, "excluded_lines": 0, "percent_statements_covered": 100.0, "percent_statements_covered_display": "100"}, "missing_lines": [], "excluded_lines": [], "start_line": 1}}, "classes": {"ToolsService": {"executed_lines": [17, 33, 39, 40, 45, 47, 48, 51, 55, 70, 71, 72, 73, 75, 76, 80, 83, 101, 107, 108, 109, 110, 112, 113, 131, 142, 144, 145, 149, 178, 180, 191, 192, 194], "summary": {"covered_lines": 34, "num_statements": 34, "percent_covered": 100.0, "percent_covered_display": "100", "missing_lines": 0, "excluded_lines": 0, "percent_statements_covered": 100.0, "percent_statements_covered_display": "100"}, "missing_lines": [], "excluded_lines": [], "start_line": 13}, "": {"executed_lines": [2, 3, 4, 5, 7, 8, 10, 13, 16, 19, 53, 61, 78, 85, 115, 151], "summary": {"covered_lines": 16, "num_statements": 16, "percent_covered": 100.0, "percent_covered_display": "100", "missing_lines": 0, "excluded_lines": 0, "percent_statements_covered": 100.0, "percent_statements_covered_display": "100"}, "missing_lines": [], "excluded_lines": [], "start_line": 1}}}, "app/tasks/__init__.py": {"executed_lines": [], "summary": {"covered_lines": 0, "num_statements": 0, "percent_covered": 100.0, "percent_covered_display": "100", "missing_lines": 0, "excluded_lines": 0, "percent_statements_covered": 100.0, "percent_statements_covered_display": "100"}, "missing_lines": [], "excluded_lines": [], "functions": {"": {"executed_lines": [], "summary": {"covered_lines": 0, "num_statements": 0, "percent_covered": 100.0, "percent_covered_display": "100", "missing_lines": 0, "excluded_lines": 0, "percent_statements_covered": 100.0, "percent_statements_covered_display": "100"}, "missing_lines": [], "excluded_lines": [], "start_line": 1}}, "classes": {"": {"executed_lines": [], "summary": {"covered_lines": 0, "num_statements": 0, "percent_covered": 100.0, "percent_covered_display": "100", "missing_lines": 0, "excluded_lines": 0, "percent_statements_covered": 100.0, "percent_statements_covered_display": "100"}, "missing_lines": [], "excluded_lines": [], "start_line": 1}}}, "app/tasks/polling_task.py": {"executed_lines": [3, 4, 6, 8, 9, 10, 12, 15, 18, 24, 26, 27, 28, 29, 31, 33, 34, 37, 45, 46, 47, 49, 52, 61, 63, 67, 70, 74, 75, 76, 77, 80, 81, 83, 84, 85], "summary": {"covered_lines": 36, "num_statements": 36, "percent_covered": 100.0, "percent_covered_display": "100", "missing_lines": 0, "excluded_lines": 0, "percent_statements_covered": 100.0, "percent_statements_covered_display": "100"}, "missing_lines": [], "excluded_lines": [], "functions": {"poll_analyzing_features": {"executed_lines": [24, 26, 27, 28, 29, 31, 33, 34], "summary": {"covered_lines": 8, "num_statements": 8, "percent_covered": 100.0, "percent_covered_display": "100", "missing_lines": 0, "excluded_lines": 0, "percent_statements_covered": 100.0, "percent_statements_covered_display": "100"}, "missing_lines": [], "excluded_lines": [], "start_line": 18}, "start_polling_scheduler": {"executed_lines": [45, 46, 47, 49, 52, 61, 63, 67], "summary": {"covered_lines": 8, "num_statements": 8, "percent_covered": 100.0, "percent_covered_display": "100", "missing_lines": 0, "excluded_lines": 0, "percent_statements_covered": 100.0, "percent_statements_covered_display": "100"}, "missing_lines": [], "excluded_lines": [], "start_line": 37}, "stop_polling_scheduler": {"executed_lines": [74, 75, 76, 77], "summary": {"covered_lines": 4, "num_statements": 4, "percent_covered": 100.0, "percent_covered_display": "100", "missing_lines": 0, "excluded_lines": 0, "percent_statements_covered": 100.0, "percent_statements_covered_display": "100"}, "missing_lines": [], "excluded_lines": [], "start_line": 70}, "polling_lifespan": {"executed_lines": [83, 84, 85], "summary": {"covered_lines": 3, "num_statements": 3, "percent_covered": 100.0, "percent_covered_display": "100", "missing_lines": 0, "excluded_lines": 0, "percent_statements_covered": 100.0, "percent_statements_covered_display": "100"}, "missing_lines": [], "excluded_lines": [], "start_line": 81}, "": {"executed_lines": [3, 4, 6, 8, 9, 10, 12, 15, 18, 37, 70, 80, 81], "summary": {"covered_lines": 13, "num_statements": 13, "percent_covered": 100.0, "percent_covered_display": "100", "missing_lines": 0, "excluded_lines": 0, "percent_statements_covered": 100.0, "percent_statements_covered_display": "100"}, "missing_lines": [], "excluded_lines": [], "start_line": 1}}, "classes": {"": {"executed_lines": [3, 4, 6, 8, 9, 10, 12, 15, 18, 24, 26, 27, 28, 29, 31, 33, 34, 37, 45, 46, 47, 49, 52, 61, 63, 67, 70, 74, 75, 76, 77, 80, 81, 83, 84, 85], "summary": {"covered_lines": 36, "num_statements": 36, "percent_covered": 100.0, "percent_covered_display": "100", "missing_lines": 0, "excluded_lines": 0, "percent_statements_covered": 100.0, "percent_statements_covered_display": "100"}, "missing_lines": [], "excluded_lines": [], "start_line": 1}}}, "app/utils/__init__.py": {"executed_lines": [], "summary": {"covered_lines": 0, "num_statements": 0, "percent_covered": 100.0, "percent_covered_display": "100", "missing_lines": 0, "excluded_lines": 0, "percent_statements_covered": 100.0, "percent_statements_covered_display": "100"}, "missing_lines": [], "excluded_lines": [], "functions": {"": {"executed_lines": [], "summary": {"covered_lines": 0, "num_statements": 0, "percent_covered": 100.0, "percent_covered_display": "100", "missing_lines": 0, "excluded_lines": 0, "percent_statements_covered": 100.0, "percent_statements_covered_display": "100"}, "missing_lines": [], "excluded_lines": [], "start_line": 1}}, "classes": {"": {"executed_lines": [], "summary": {"covered_lines": 0, "num_statements": 0, "percent_covered": 100.0, "percent_covered_display": "100", "missing_lines": 0, "excluded_lines": 0, "percent_statements_covered": 100.0, "percent_statements_covered_display": "100"}, "missing_lines": [], "excluded_lines": [], "start_line": 1}}}, "app/utils/analysis_mapper.py": {"executed_lines": [7, 10, 22, 23, 24, 25, 26, 29, 32, 33, 34, 37, 38, 39, 40, 43, 44, 45, 48, 51, 53, 64, 67, 68, 69, 70, 72, 76, 77, 78, 79, 80, 81, 86, 87, 89, 95, 96, 99, 107, 108, 109, 116, 117, 118, 121, 124, 129, 130, 132, 133, 134, 137, 139, 142, 145, 146, 150, 159, 162, 166, 171, 179, 180, 182, 183, 186, 197, 198, 209, 210, 211, 212, 213, 216, 217, 218, 219, 220, 222], "summary": {"covered_lines": 80, "num_statements": 84, "percent_covered": 95.23809523809524, "percent_covered_display": "95", "missing_lines": 4, "excluded_lines": 0, "percent_statements_covered": 95.23809523809524, "percent_statements_covered_display": "95"}, "missing_lines": [71, 73, 88, 97], "excluded_lines": [], "functions": {"extract_flattened_fields": {"executed_lines": [22, 23, 24, 25, 26, 29, 32, 33, 34, 37, 38, 39, 40, 43, 44, 45, 48, 51, 53, 64, 67, 68, 69, 70, 72, 76, 77, 78, 79, 80, 81, 86, 87, 89, 95, 96, 99, 107, 108, 109, 116, 117, 118, 121, 124, 129, 130, 132, 133, 134, 137, 139, 142, 145, 146, 150, 159, 162, 166, 171, 179, 180, 182, 183, 186, 197, 198, 209, 210, 211, 212, 213, 216, 217, 218, 219, 220, 222], "summary": {"covered_lines": 78, "num_statements": 82, "percent_covered": 95.1219512195122, "percent_covered_display": "95", "missing_lines": 4, "excluded_lines": 0, "percent_statements_covered": 95.1219512195122, "percent_statements_covered_display": "95"}, "missing_lines": [71, 73, 88, 97], "excluded_lines": [], "start_line": 10}, "": {"executed_lines": [7, 10], "summary": {"covered_lines": 2, "num_statements": 2, "percent_covered": 100.0, "percent_covered_display": "100", "missing_lines": 0, "excluded_lines": 0, "percent_statements_covered": 100.0, "percent_statements_covered_display": "100"}, "missing_lines": [], "excluded_lines": [], "start_line": 1}}, "classes": {"": {"executed_lines": [7, 10, 22, 23, 24, 25, 26, 29, 32, 33, 34, 37, 38, 39, 40, 43, 44, 45, 48, 51, 53, 64, 67, 68, 69, 70, 72, 76, 77, 78, 79, 80, 81, 86, 87, 89, 95, 96, 99, 107, 108, 109, 116, 117, 118, 121, 124, 129, 130, 132, 133, 134, 137, 139, 142, 145, 146, 150, 159, 162, 166, 171, 179, 180, 182, 183, 186, 197, 198, 209, 210, 211, 212, 213, 216, 217, 218, 219, 220, 222], "summary": {"covered_lines": 80, "num_statements": 84, "percent_covered": 95.23809523809524, "percent_covered_display": "95", "missing_lines": 4, "excluded_lines": 0, "percent_statements_covered": 95.23809523809524, "percent_statements_covered_display": "95"}, "missing_lines": [71, 73, 88, 97], "excluded_lines": [], "start_line": 1}}}, "app/utils/webhook_security.py": {"executed_lines": [3, 4, 5, 8, 17, 20, 30, 31, 33, 39, 42, 55, 56, 58, 61], "summary": {"covered_lines": 15, "num_statements": 15, "percent_covered": 100.0, "percent_covered_display": "100", "missing_lines": 0, "excluded_lines": 0, "percent_statements_covered": 100.0, "percent_statements_covered_display": "100"}, "missing_lines": [], "excluded_lines": [], "functions": {"generate_webhook_secret": {"executed_lines": [17], "summary": {"covered_lines": 1, "num_statements": 1, "percent_covered": 100.0, "percent_covered_display": "100", "missing_lines": 0, "excluded_lines": 0, "percent_statements_covered": 100.0, "percent_statements_covered_display": "100"}, "missing_lines": [], "excluded_lines": [], "start_line": 8}, "compute_webhook_signature": {"executed_lines": [30, 31, 33, 39], "summary": {"covered_lines": 4, "num_statements": 4, "percent_covered": 100.0, "percent_covered_display": "100", "missing_lines": 0, "excluded_lines": 0, "percent_statements_covered": 100.0, "percent_statements_covered_display": "100"}, "missing_lines": [], "excluded_lines": [], "start_line": 20}, "verify_webhook_signature": {"executed_lines": [55, 56, 58, 61], "summary": {"covered_lines": 4, "num_statements": 4, "percent_covered": 100.0, "percent_covered_display": "100", "missing_lines": 0, "excluded_lines": 0, "percent_statements_covered": 100.0, "percent_statements_covered_display": "100"}, "missing_lines": [], "excluded_lines": [], "start_line": 42}, "": {"executed_lines": [3, 4, 5, 8, 20, 42], "summary": {"covered_lines": 6, "num_statements": 6, "percent_covered": 100.0, "percent_covered_display": "100", "missing_lines": 0, "excluded_lines": 0, "percent_statements_covered": 100.0, "percent_statements_covered_display": "100"}, "missing_lines": [], "excluded_lines": [], "start_line": 1}}, "classes": {"": {"executed_lines": [3, 4, 5, 8, 17, 20, 30, 31, 33, 39, 42, 55, 56, 58, 61], "summary": {"covered_lines": 15, "num_statements": 15, "percent_covered": 100.0, "percent_covered_display": "100", "missing_lines": 0, "excluded_lines": 0, "percent_statements_covered": 100.0, "percent_statements_covered_display": "100"}, "missing_lines": [], "excluded_lines": [], "start_line": 1}}}}, "totals": {"covered_lines": 1184, "num_statements": 1519, "percent_covered": 77.94601711652403, "percent_covered_display": "78", "missing_lines": 335, "excluded_lines": 14, "percent_statements_covered": 77.94601711652403, "percent_statements_covered_display": "78"}}